

Microchip Technology PIC LITE Macro Assembler V1.38 build -256452561 
                                                                                               Sun Sep 18 17:44:01 2016

Microchip Technology Omniscient Code Generator v1.38 (Free mode) build 201607010351
     1                           	processor	16F1503
     2                           	opt	pw 120
     3                           	opt	lm
     4                           	psect	cinit,global,class=CODE,merge=1,delta=2
     5                           	psect	cstackCOMMON,global,class=COMMON,space=1,delta=1
     6                           	psect	maintext,global,class=CODE,merge=1,split=1,delta=2
     7                           	psect	text1,local,class=CODE,merge=1,delta=2
     8                           	psect	text2,local,class=CODE,merge=1,delta=2
     9                           	psect	text3,local,class=CODE,merge=1,delta=2
    10                           	psect	text4,local,class=CODE,merge=1,delta=2
    11                           	psect	text5,local,class=CODE,merge=1,delta=2
    12                           	psect	text6,local,class=CODE,merge=1,delta=2
    13                           	psect	intentry,global,class=CODE,delta=2
    14                           	dabs	1,0x7E,2
    15  0000                     	;# 
    16  0001                     	;# 
    17  0002                     	;# 
    18  0003                     	;# 
    19  0004                     	;# 
    20  0005                     	;# 
    21  0006                     	;# 
    22  0007                     	;# 
    23  0008                     	;# 
    24  0009                     	;# 
    25  000A                     	;# 
    26  000B                     	;# 
    27  000C                     	;# 
    28  000E                     	;# 
    29  0011                     	;# 
    30  0012                     	;# 
    31  0013                     	;# 
    32  0015                     	;# 
    33  0016                     	;# 
    34  0016                     	;# 
    35  0017                     	;# 
    36  0018                     	;# 
    37  0019                     	;# 
    38  001A                     	;# 
    39  001B                     	;# 
    40  001C                     	;# 
    41  008C                     	;# 
    42  008E                     	;# 
    43  0091                     	;# 
    44  0092                     	;# 
    45  0093                     	;# 
    46  0095                     	;# 
    47  0096                     	;# 
    48  0097                     	;# 
    49  0099                     	;# 
    50  009A                     	;# 
    51  009B                     	;# 
    52  009B                     	;# 
    53  009C                     	;# 
    54  009D                     	;# 
    55  009E                     	;# 
    56  009F                     	;# 
    57  010C                     	;# 
    58  010E                     	;# 
    59  0111                     	;# 
    60  0112                     	;# 
    61  0113                     	;# 
    62  0114                     	;# 
    63  0115                     	;# 
    64  0116                     	;# 
    65  0117                     	;# 
    66  0118                     	;# 
    67  0119                     	;# 
    68  011D                     	;# 
    69  018C                     	;# 
    70  018E                     	;# 
    71  0191                     	;# 
    72  0191                     	;# 
    73  0192                     	;# 
    74  0193                     	;# 
    75  0193                     	;# 
    76  0194                     	;# 
    77  0195                     	;# 
    78  0196                     	;# 
    79  0197                     	;# 
    80  020C                     	;# 
    81  0211                     	;# 
    82  0211                     	;# 
    83  0212                     	;# 
    84  0212                     	;# 
    85  0213                     	;# 
    86  0213                     	;# 
    87  0214                     	;# 
    88  0214                     	;# 
    89  0215                     	;# 
    90  0215                     	;# 
    91  0215                     	;# 
    92  0216                     	;# 
    93  0216                     	;# 
    94  0217                     	;# 
    95  0217                     	;# 
    96  0391                     	;# 
    97  0392                     	;# 
    98  0393                     	;# 
    99  0498                     	;# 
   100  0498                     	;# 
   101  0499                     	;# 
   102  049A                     	;# 
   103  049B                     	;# 
   104  049B                     	;# 
   105  049C                     	;# 
   106  049D                     	;# 
   107  049E                     	;# 
   108  049F                     	;# 
   109  0611                     	;# 
   110  0612                     	;# 
   111  0613                     	;# 
   112  0613                     	;# 
   113  0614                     	;# 
   114  0615                     	;# 
   115  0616                     	;# 
   116  0616                     	;# 
   117  0617                     	;# 
   118  0618                     	;# 
   119  0619                     	;# 
   120  0619                     	;# 
   121  061A                     	;# 
   122  061B                     	;# 
   123  061C                     	;# 
   124  061C                     	;# 
   125  0691                     	;# 
   126  0692                     	;# 
   127  0693                     	;# 
   128  0694                     	;# 
   129  0695                     	;# 
   130  0F0F                     	;# 
   131  0F10                     	;# 
   132  0F11                     	;# 
   133  0F12                     	;# 
   134  0F13                     	;# 
   135  0F14                     	;# 
   136  0F15                     	;# 
   137  0F16                     	;# 
   138  0F17                     	;# 
   139  0F18                     	;# 
   140  0F19                     	;# 
   141  0F1A                     	;# 
   142  0F1B                     	;# 
   143  0F1C                     	;# 
   144  0F1D                     	;# 
   145  0F1E                     	;# 
   146  0F1F                     	;# 
   147  0FE3                     	;# 
   148  0FE4                     	;# 
   149  0FE5                     	;# 
   150  0FE6                     	;# 
   151  0FE7                     	;# 
   152  0FE8                     	;# 
   153  0FE9                     	;# 
   154  0FEA                     	;# 
   155  0FEB                     	;# 
   156  0FED                     	;# 
   157  0FEE                     	;# 
   158  0FEF                     	;# 
   159  0000                     	;# 
   160  0001                     	;# 
   161  0002                     	;# 
   162  0003                     	;# 
   163  0004                     	;# 
   164  0005                     	;# 
   165  0006                     	;# 
   166  0007                     	;# 
   167  0008                     	;# 
   168  0009                     	;# 
   169  000A                     	;# 
   170  000B                     	;# 
   171  000C                     	;# 
   172  000E                     	;# 
   173  0011                     	;# 
   174  0012                     	;# 
   175  0013                     	;# 
   176  0015                     	;# 
   177  0016                     	;# 
   178  0016                     	;# 
   179  0017                     	;# 
   180  0018                     	;# 
   181  0019                     	;# 
   182  001A                     	;# 
   183  001B                     	;# 
   184  001C                     	;# 
   185  008C                     	;# 
   186  008E                     	;# 
   187  0091                     	;# 
   188  0092                     	;# 
   189  0093                     	;# 
   190  0095                     	;# 
   191  0096                     	;# 
   192  0097                     	;# 
   193  0099                     	;# 
   194  009A                     	;# 
   195  009B                     	;# 
   196  009B                     	;# 
   197  009C                     	;# 
   198  009D                     	;# 
   199  009E                     	;# 
   200  009F                     	;# 
   201  010C                     	;# 
   202  010E                     	;# 
   203  0111                     	;# 
   204  0112                     	;# 
   205  0113                     	;# 
   206  0114                     	;# 
   207  0115                     	;# 
   208  0116                     	;# 
   209  0117                     	;# 
   210  0118                     	;# 
   211  0119                     	;# 
   212  011D                     	;# 
   213  018C                     	;# 
   214  018E                     	;# 
   215  0191                     	;# 
   216  0191                     	;# 
   217  0192                     	;# 
   218  0193                     	;# 
   219  0193                     	;# 
   220  0194                     	;# 
   221  0195                     	;# 
   222  0196                     	;# 
   223  0197                     	;# 
   224  020C                     	;# 
   225  0211                     	;# 
   226  0211                     	;# 
   227  0212                     	;# 
   228  0212                     	;# 
   229  0213                     	;# 
   230  0213                     	;# 
   231  0214                     	;# 
   232  0214                     	;# 
   233  0215                     	;# 
   234  0215                     	;# 
   235  0215                     	;# 
   236  0216                     	;# 
   237  0216                     	;# 
   238  0217                     	;# 
   239  0217                     	;# 
   240  0391                     	;# 
   241  0392                     	;# 
   242  0393                     	;# 
   243  0498                     	;# 
   244  0498                     	;# 
   245  0499                     	;# 
   246  049A                     	;# 
   247  049B                     	;# 
   248  049B                     	;# 
   249  049C                     	;# 
   250  049D                     	;# 
   251  049E                     	;# 
   252  049F                     	;# 
   253  0611                     	;# 
   254  0612                     	;# 
   255  0613                     	;# 
   256  0613                     	;# 
   257  0614                     	;# 
   258  0615                     	;# 
   259  0616                     	;# 
   260  0616                     	;# 
   261  0617                     	;# 
   262  0618                     	;# 
   263  0619                     	;# 
   264  0619                     	;# 
   265  061A                     	;# 
   266  061B                     	;# 
   267  061C                     	;# 
   268  061C                     	;# 
   269  0691                     	;# 
   270  0692                     	;# 
   271  0693                     	;# 
   272  0694                     	;# 
   273  0695                     	;# 
   274  0F0F                     	;# 
   275  0F10                     	;# 
   276  0F11                     	;# 
   277  0F12                     	;# 
   278  0F13                     	;# 
   279  0F14                     	;# 
   280  0F15                     	;# 
   281  0F16                     	;# 
   282  0F17                     	;# 
   283  0F18                     	;# 
   284  0F19                     	;# 
   285  0F1A                     	;# 
   286  0F1B                     	;# 
   287  0F1C                     	;# 
   288  0F1D                     	;# 
   289  0F1E                     	;# 
   290  0F1F                     	;# 
   291  0FE3                     	;# 
   292  0FE4                     	;# 
   293  0FE5                     	;# 
   294  0FE6                     	;# 
   295  0FE7                     	;# 
   296  0FE8                     	;# 
   297  0FE9                     	;# 
   298  0FEA                     	;# 
   299  0FEB                     	;# 
   300  0FED                     	;# 
   301  0FEE                     	;# 
   302  0FEF                     	;# 
   303  0000                     	;# 
   304  0001                     	;# 
   305  0002                     	;# 
   306  0003                     	;# 
   307  0004                     	;# 
   308  0005                     	;# 
   309  0006                     	;# 
   310  0007                     	;# 
   311  0008                     	;# 
   312  0009                     	;# 
   313  000A                     	;# 
   314  000B                     	;# 
   315  000C                     	;# 
   316  000E                     	;# 
   317  0011                     	;# 
   318  0012                     	;# 
   319  0013                     	;# 
   320  0015                     	;# 
   321  0016                     	;# 
   322  0016                     	;# 
   323  0017                     	;# 
   324  0018                     	;# 
   325  0019                     	;# 
   326  001A                     	;# 
   327  001B                     	;# 
   328  001C                     	;# 
   329  008C                     	;# 
   330  008E                     	;# 
   331  0091                     	;# 
   332  0092                     	;# 
   333  0093                     	;# 
   334  0095                     	;# 
   335  0096                     	;# 
   336  0097                     	;# 
   337  0099                     	;# 
   338  009A                     	;# 
   339  009B                     	;# 
   340  009B                     	;# 
   341  009C                     	;# 
   342  009D                     	;# 
   343  009E                     	;# 
   344  009F                     	;# 
   345  010C                     	;# 
   346  010E                     	;# 
   347  0111                     	;# 
   348  0112                     	;# 
   349  0113                     	;# 
   350  0114                     	;# 
   351  0115                     	;# 
   352  0116                     	;# 
   353  0117                     	;# 
   354  0118                     	;# 
   355  0119                     	;# 
   356  011D                     	;# 
   357  018C                     	;# 
   358  018E                     	;# 
   359  0191                     	;# 
   360  0191                     	;# 
   361  0192                     	;# 
   362  0193                     	;# 
   363  0193                     	;# 
   364  0194                     	;# 
   365  0195                     	;# 
   366  0196                     	;# 
   367  0197                     	;# 
   368  020C                     	;# 
   369  0211                     	;# 
   370  0211                     	;# 
   371  0212                     	;# 
   372  0212                     	;# 
   373  0213                     	;# 
   374  0213                     	;# 
   375  0214                     	;# 
   376  0214                     	;# 
   377  0215                     	;# 
   378  0215                     	;# 
   379  0215                     	;# 
   380  0216                     	;# 
   381  0216                     	;# 
   382  0217                     	;# 
   383  0217                     	;# 
   384  0391                     	;# 
   385  0392                     	;# 
   386  0393                     	;# 
   387  0498                     	;# 
   388  0498                     	;# 
   389  0499                     	;# 
   390  049A                     	;# 
   391  049B                     	;# 
   392  049B                     	;# 
   393  049C                     	;# 
   394  049D                     	;# 
   395  049E                     	;# 
   396  049F                     	;# 
   397  0611                     	;# 
   398  0612                     	;# 
   399  0613                     	;# 
   400  0613                     	;# 
   401  0614                     	;# 
   402  0615                     	;# 
   403  0616                     	;# 
   404  0616                     	;# 
   405  0617                     	;# 
   406  0618                     	;# 
   407  0619                     	;# 
   408  0619                     	;# 
   409  061A                     	;# 
   410  061B                     	;# 
   411  061C                     	;# 
   412  061C                     	;# 
   413  0691                     	;# 
   414  0692                     	;# 
   415  0693                     	;# 
   416  0694                     	;# 
   417  0695                     	;# 
   418  0F0F                     	;# 
   419  0F10                     	;# 
   420  0F11                     	;# 
   421  0F12                     	;# 
   422  0F13                     	;# 
   423  0F14                     	;# 
   424  0F15                     	;# 
   425  0F16                     	;# 
   426  0F17                     	;# 
   427  0F18                     	;# 
   428  0F19                     	;# 
   429  0F1A                     	;# 
   430  0F1B                     	;# 
   431  0F1C                     	;# 
   432  0F1D                     	;# 
   433  0F1E                     	;# 
   434  0F1F                     	;# 
   435  0FE3                     	;# 
   436  0FE4                     	;# 
   437  0FE5                     	;# 
   438  0FE6                     	;# 
   439  0FE7                     	;# 
   440  0FE8                     	;# 
   441  0FE9                     	;# 
   442  0FEA                     	;# 
   443  0FEB                     	;# 
   444  0FED                     	;# 
   445  0FEE                     	;# 
   446  0FEF                     	;# 
   447  0000                     	;# 
   448  0001                     	;# 
   449  0002                     	;# 
   450  0003                     	;# 
   451  0004                     	;# 
   452  0005                     	;# 
   453  0006                     	;# 
   454  0007                     	;# 
   455  0008                     	;# 
   456  0009                     	;# 
   457  000A                     	;# 
   458  000B                     	;# 
   459  000C                     	;# 
   460  000E                     	;# 
   461  0011                     	;# 
   462  0012                     	;# 
   463  0013                     	;# 
   464  0015                     	;# 
   465  0016                     	;# 
   466  0016                     	;# 
   467  0017                     	;# 
   468  0018                     	;# 
   469  0019                     	;# 
   470  001A                     	;# 
   471  001B                     	;# 
   472  001C                     	;# 
   473  008C                     	;# 
   474  008E                     	;# 
   475  0091                     	;# 
   476  0092                     	;# 
   477  0093                     	;# 
   478  0095                     	;# 
   479  0096                     	;# 
   480  0097                     	;# 
   481  0099                     	;# 
   482  009A                     	;# 
   483  009B                     	;# 
   484  009B                     	;# 
   485  009C                     	;# 
   486  009D                     	;# 
   487  009E                     	;# 
   488  009F                     	;# 
   489  010C                     	;# 
   490  010E                     	;# 
   491  0111                     	;# 
   492  0112                     	;# 
   493  0113                     	;# 
   494  0114                     	;# 
   495  0115                     	;# 
   496  0116                     	;# 
   497  0117                     	;# 
   498  0118                     	;# 
   499  0119                     	;# 
   500  011D                     	;# 
   501  018C                     	;# 
   502  018E                     	;# 
   503  0191                     	;# 
   504  0191                     	;# 
   505  0192                     	;# 
   506  0193                     	;# 
   507  0193                     	;# 
   508  0194                     	;# 
   509  0195                     	;# 
   510  0196                     	;# 
   511  0197                     	;# 
   512  020C                     	;# 
   513  0211                     	;# 
   514  0211                     	;# 
   515  0212                     	;# 
   516  0212                     	;# 
   517  0213                     	;# 
   518  0213                     	;# 
   519  0214                     	;# 
   520  0214                     	;# 
   521  0215                     	;# 
   522  0215                     	;# 
   523  0215                     	;# 
   524  0216                     	;# 
   525  0216                     	;# 
   526  0217                     	;# 
   527  0217                     	;# 
   528  0391                     	;# 
   529  0392                     	;# 
   530  0393                     	;# 
   531  0498                     	;# 
   532  0498                     	;# 
   533  0499                     	;# 
   534  049A                     	;# 
   535  049B                     	;# 
   536  049B                     	;# 
   537  049C                     	;# 
   538  049D                     	;# 
   539  049E                     	;# 
   540  049F                     	;# 
   541  0611                     	;# 
   542  0612                     	;# 
   543  0613                     	;# 
   544  0613                     	;# 
   545  0614                     	;# 
   546  0615                     	;# 
   547  0616                     	;# 
   548  0616                     	;# 
   549  0617                     	;# 
   550  0618                     	;# 
   551  0619                     	;# 
   552  0619                     	;# 
   553  061A                     	;# 
   554  061B                     	;# 
   555  061C                     	;# 
   556  061C                     	;# 
   557  0691                     	;# 
   558  0692                     	;# 
   559  0693                     	;# 
   560  0694                     	;# 
   561  0695                     	;# 
   562  0F0F                     	;# 
   563  0F10                     	;# 
   564  0F11                     	;# 
   565  0F12                     	;# 
   566  0F13                     	;# 
   567  0F14                     	;# 
   568  0F15                     	;# 
   569  0F16                     	;# 
   570  0F17                     	;# 
   571  0F18                     	;# 
   572  0F19                     	;# 
   573  0F1A                     	;# 
   574  0F1B                     	;# 
   575  0F1C                     	;# 
   576  0F1D                     	;# 
   577  0F1E                     	;# 
   578  0F1F                     	;# 
   579  0FE3                     	;# 
   580  0FE4                     	;# 
   581  0FE5                     	;# 
   582  0FE6                     	;# 
   583  0FE7                     	;# 
   584  0FE8                     	;# 
   585  0FE9                     	;# 
   586  0FEA                     	;# 
   587  0FEB                     	;# 
   588  0FED                     	;# 
   589  0FEE                     	;# 
   590  0FEF                     	;# 
   591  0000                     	;# 
   592  0001                     	;# 
   593  0002                     	;# 
   594  0003                     	;# 
   595  0004                     	;# 
   596  0005                     	;# 
   597  0006                     	;# 
   598  0007                     	;# 
   599  0008                     	;# 
   600  0009                     	;# 
   601  000A                     	;# 
   602  000B                     	;# 
   603  000C                     	;# 
   604  000E                     	;# 
   605  0011                     	;# 
   606  0012                     	;# 
   607  0013                     	;# 
   608  0015                     	;# 
   609  0016                     	;# 
   610  0016                     	;# 
   611  0017                     	;# 
   612  0018                     	;# 
   613  0019                     	;# 
   614  001A                     	;# 
   615  001B                     	;# 
   616  001C                     	;# 
   617  008C                     	;# 
   618  008E                     	;# 
   619  0091                     	;# 
   620  0092                     	;# 
   621  0093                     	;# 
   622  0095                     	;# 
   623  0096                     	;# 
   624  0097                     	;# 
   625  0099                     	;# 
   626  009A                     	;# 
   627  009B                     	;# 
   628  009B                     	;# 
   629  009C                     	;# 
   630  009D                     	;# 
   631  009E                     	;# 
   632  009F                     	;# 
   633  010C                     	;# 
   634  010E                     	;# 
   635  0111                     	;# 
   636  0112                     	;# 
   637  0113                     	;# 
   638  0114                     	;# 
   639  0115                     	;# 
   640  0116                     	;# 
   641  0117                     	;# 
   642  0118                     	;# 
   643  0119                     	;# 
   644  011D                     	;# 
   645  018C                     	;# 
   646  018E                     	;# 
   647  0191                     	;# 
   648  0191                     	;# 
   649  0192                     	;# 
   650  0193                     	;# 
   651  0193                     	;# 
   652  0194                     	;# 
   653  0195                     	;# 
   654  0196                     	;# 
   655  0197                     	;# 
   656  020C                     	;# 
   657  0211                     	;# 
   658  0211                     	;# 
   659  0212                     	;# 
   660  0212                     	;# 
   661  0213                     	;# 
   662  0213                     	;# 
   663  0214                     	;# 
   664  0214                     	;# 
   665  0215                     	;# 
   666  0215                     	;# 
   667  0215                     	;# 
   668  0216                     	;# 
   669  0216                     	;# 
   670  0217                     	;# 
   671  0217                     	;# 
   672  0391                     	;# 
   673  0392                     	;# 
   674  0393                     	;# 
   675  0498                     	;# 
   676  0498                     	;# 
   677  0499                     	;# 
   678  049A                     	;# 
   679  049B                     	;# 
   680  049B                     	;# 
   681  049C                     	;# 
   682  049D                     	;# 
   683  049E                     	;# 
   684  049F                     	;# 
   685  0611                     	;# 
   686  0612                     	;# 
   687  0613                     	;# 
   688  0613                     	;# 
   689  0614                     	;# 
   690  0615                     	;# 
   691  0616                     	;# 
   692  0616                     	;# 
   693  0617                     	;# 
   694  0618                     	;# 
   695  0619                     	;# 
   696  0619                     	;# 
   697  061A                     	;# 
   698  061B                     	;# 
   699  061C                     	;# 
   700  061C                     	;# 
   701  0691                     	;# 
   702  0692                     	;# 
   703  0693                     	;# 
   704  0694                     	;# 
   705  0695                     	;# 
   706  0F0F                     	;# 
   707  0F10                     	;# 
   708  0F11                     	;# 
   709  0F12                     	;# 
   710  0F13                     	;# 
   711  0F14                     	;# 
   712  0F15                     	;# 
   713  0F16                     	;# 
   714  0F17                     	;# 
   715  0F18                     	;# 
   716  0F19                     	;# 
   717  0F1A                     	;# 
   718  0F1B                     	;# 
   719  0F1C                     	;# 
   720  0F1D                     	;# 
   721  0F1E                     	;# 
   722  0F1F                     	;# 
   723  0FE3                     	;# 
   724  0FE4                     	;# 
   725  0FE5                     	;# 
   726  0FE6                     	;# 
   727  0FE7                     	;# 
   728  0FE8                     	;# 
   729  0FE9                     	;# 
   730  0FEA                     	;# 
   731  0FEB                     	;# 
   732  0FED                     	;# 
   733  0FEE                     	;# 
   734  0FEF                     	;# 
   735  0075                     _RC5	set	117
   736  009D                     _ADCON0	set	157
   737  009E                     _ADCON1	set	158
   738  009C                     _ADRESH	set	156
   739  009B                     _ADRESL	set	155
   740  008E                     _TRISC	set	142
   741                           
   742                           ; #config settings
   743  0000                     
   744                           	psect	cinit
   745  000E                     start_initialization:	
   746  000E                     __initialization:	
   747  000E                     end_of_initialization:	
   748                           ;End of C runtime variable initialization code
   749                           
   750  000E                     __end_of__initialization:	
   751  000E  107E               	bcf	int$flags,0	;clear compiler interrupt flag (level 1)
   752  000F  0020               	movlb	0
   753  0010  2811               	ljmp	_main	;jump to C main() function
   754                           
   755                           	psect	cstackCOMMON
   756  0070                     __pcstackCOMMON:	
   757  0070                     ?_InitApp:	
   758  0070                     ?_isr:	
   759                           ; 1 bytes @ 0x0
   760                           
   761  0070                     ??_isr:	
   762                           ; 1 bytes @ 0x0
   763                           
   764  0070                     ?_selectADC_IntOsc:	
   765                           ; 1 bytes @ 0x0
   766                           
   767  0070                     ?_selectADC_5VREF:	
   768                           ; 1 bytes @ 0x0
   769                           
   770  0070                     ?_selectADC:	
   771                           ; 1 bytes @ 0x0
   772                           
   773  0070                     ?_convertADC:	
   774                           ; 1 bytes @ 0x0
   775                           
   776  0070                     ?_main:	
   777                           ; 1 bytes @ 0x0
   778                           
   779                           
   780                           ; 1 bytes @ 0x0
   781  0070                     	ds	1
   782  0071                     ??_InitApp:	
   783  0071                     ??_selectADC_IntOsc:	
   784                           ; 1 bytes @ 0x1
   785                           
   786  0071                     ??_selectADC_5VREF:	
   787                           ; 1 bytes @ 0x1
   788                           
   789  0071                     ??_selectADC:	
   790                           ; 1 bytes @ 0x1
   791                           
   792  0071                     ??_convertADC:	
   793                           ; 1 bytes @ 0x1
   794                           
   795  0071                     ?_getResultADC:	
   796                           ; 1 bytes @ 0x1
   797                           
   798                           
   799                           ; 2 bytes @ 0x1
   800  0071                     	ds	2
   801  0073                     ??_getResultADC:	
   802  0073                     selectADC@channel:	
   803                           ; 1 bytes @ 0x3
   804                           
   805                           
   806                           ; 1 bytes @ 0x3
   807  0073                     	ds	7
   808  007A                     ??_main:	
   809                           
   810                           ; 1 bytes @ 0xA
   811  007A                     	ds	2
   812                           
   813                           	psect	maintext
   814  0011                     __pmaintext:	
   815 ;;
   816 ;;Main: autosize = 0, tempsize = 2, incstack = 0, save=0
   817 ;;
   818 ;; *************** function _main *****************
   819 ;; Defined at:
   820 ;;		line 78 in file "main.c"
   821 ;; Parameters:    Size  Location     Type
   822 ;;		None
   823 ;; Auto vars:     Size  Location     Type
   824 ;;		None
   825 ;; Return value:  Size  Location     Type
   826 ;;                  1    wreg      void 
   827 ;; Registers used:
   828 ;;		wreg, status,2, status,0, pclath, cstack
   829 ;; Tracked objects:
   830 ;;		On entry : B1F/0
   831 ;;		On exit  : 0/0
   832 ;;		Unchanged: 0/0
   833 ;; Data sizes:     COMMON   BANK0   BANK1
   834 ;;      Params:         0       0       0
   835 ;;      Locals:         0       0       0
   836 ;;      Temps:          2       0       0
   837 ;;      Totals:         2       0       0
   838 ;;Total ram usage:        2 bytes
   839 ;; Hardware stack levels required when called:    2
   840 ;; This function calls:
   841 ;;		_InitApp
   842 ;;		_convertADC
   843 ;;		_getResultADC
   844 ;;		_selectADC
   845 ;;		_selectADC_5VREF
   846 ;;		_selectADC_IntOsc
   847 ;; This function is called by:
   848 ;;		Startup code after reset
   849 ;; This function uses a non-reentrant model
   850 ;;
   851                           
   852                           
   853                           ;psect for function _main
   854  0011                     _main:	
   855                           
   856                           ;main.c: 84: InitApp();
   857                           
   858                           ;incstack = 0
   859                           ; Regs used in _main: [wreg+status,2+status,0+pclath+cstack]
   860  0011  2072               	fcall	_InitApp
   861  0012                     l38:	
   862                           ;main.c: 86: while(1)
   863                           
   864                           
   865                           ;main.c: 87: {
   866                           ;main.c: 94: selectADC_IntOsc();
   867  0012  2060               	fcall	_selectADC_IntOsc
   868                           
   869                           ;main.c: 95: selectADC_5VREF();
   870  0013  2066               	fcall	_selectADC_5VREF
   871                           
   872                           ;main.c: 96: selectADC(2);
   873  0014  3002               	movlw	2
   874  0015  204A               	fcall	_selectADC
   875                           
   876                           ;main.c: 98: convertADC();
   877  0016  206C               	fcall	_convertADC
   878                           
   879                           ;main.c: 102: if(getResultADC()>220){
   880                           
   881                           ;main.c: 100: while(!completeADC);
   882  0017  202E               	fcall	_getResultADC
   883  0018  3000               	movlw	0
   884  0019  0272               	subwf	?_getResultADC+1,w
   885  001A  30DD               	movlw	221
   886  001B  1903               	skipnz
   887  001C  0271               	subwf	?_getResultADC,w
   888  001D  1C03               	skipc
   889  001E  2822               	goto	l42
   890                           
   891                           ;main.c: 103: RC5=1;
   892  001F  0020               	movlb	0	; select bank0
   893  0020  168E               	bsf	14,5	;volatile
   894                           
   895                           ;main.c: 104: }
   896  0021  2824               	goto	l470
   897  0022                     l42:	
   898                           
   899                           ;main.c: 105: else{
   900                           ;main.c: 106: RC5=0;
   901  0022  0020               	movlb	0	; select bank0
   902  0023  128E               	bcf	14,5	;volatile
   903  0024                     l470:	
   904                           
   905                           ;main.c: 107: }
   906                           ;main.c: 109: _delay((unsigned long)((500)*(800000/4000.0)));
   907  0024  3082               	movlw	130
   908  0025  00FB               	movwf	??_main+1
   909  0026  30DD               	movlw	221
   910  0027  00FA               	movwf	??_main
   911  0028                     u67:	
   912  0028  0BFA               	decfsz	??_main,f
   913  0029  2828               	goto	u67
   914  002A  0BFB               	decfsz	??_main+1,f
   915  002B  2828               	goto	u67
   916  002C  3200               	nop2
   917  002D  2812               	goto	l38
   918  002E                     __end_of_main:	
   919                           
   920                           	psect	text1
   921  0060                     __ptext1:	
   922 ;; *************** function _selectADC_IntOsc *****************
   923 ;; Defined at:
   924 ;;		line 47 in file "main.c"
   925 ;; Parameters:    Size  Location     Type
   926 ;;		None
   927 ;; Auto vars:     Size  Location     Type
   928 ;;		None
   929 ;; Return value:  Size  Location     Type
   930 ;;                  1    wreg      void 
   931 ;; Registers used:
   932 ;;		wreg, status,2, status,0
   933 ;; Tracked objects:
   934 ;;		On entry : 0/0
   935 ;;		On exit  : 0/0
   936 ;;		Unchanged: 0/0
   937 ;; Data sizes:     COMMON   BANK0   BANK1
   938 ;;      Params:         0       0       0
   939 ;;      Locals:         0       0       0
   940 ;;      Temps:          1       0       0
   941 ;;      Totals:         1       0       0
   942 ;;Total ram usage:        1 bytes
   943 ;; Hardware stack levels used:    1
   944 ;; Hardware stack levels required when called:    1
   945 ;; This function calls:
   946 ;;		Nothing
   947 ;; This function is called by:
   948 ;;		_main
   949 ;; This function uses a non-reentrant model
   950 ;;
   951                           
   952                           
   953                           ;psect for function _selectADC_IntOsc
   954  0060                     _selectADC_IntOsc:	
   955                           
   956                           ;main.c: 48: ADCON1 |= (0b111 <<4);
   957                           
   958                           ;incstack = 0
   959                           ; Regs used in _selectADC_IntOsc: [wreg+status,2+status,0]
   960  0060  3070               	movlw	112
   961  0061  00F1               	movwf	??_selectADC_IntOsc
   962  0062  0871               	movf	??_selectADC_IntOsc,w
   963  0063  0021               	movlb	1	; select bank1
   964  0064  049E               	iorwf	30,f	;volatile
   965  0065  0008               	return
   966  0066                     __end_of_selectADC_IntOsc:	
   967                           
   968                           	psect	text2
   969  0066                     __ptext2:	
   970 ;; *************** function _selectADC_5VREF *****************
   971 ;; Defined at:
   972 ;;		line 51 in file "main.c"
   973 ;; Parameters:    Size  Location     Type
   974 ;;		None
   975 ;; Auto vars:     Size  Location     Type
   976 ;;		None
   977 ;; Return value:  Size  Location     Type
   978 ;;                  1    wreg      void 
   979 ;; Registers used:
   980 ;;		wreg, status,2, status,0
   981 ;; Tracked objects:
   982 ;;		On entry : 0/0
   983 ;;		On exit  : 0/0
   984 ;;		Unchanged: 0/0
   985 ;; Data sizes:     COMMON   BANK0   BANK1
   986 ;;      Params:         0       0       0
   987 ;;      Locals:         0       0       0
   988 ;;      Temps:          1       0       0
   989 ;;      Totals:         1       0       0
   990 ;;Total ram usage:        1 bytes
   991 ;; Hardware stack levels used:    1
   992 ;; Hardware stack levels required when called:    1
   993 ;; This function calls:
   994 ;;		Nothing
   995 ;; This function is called by:
   996 ;;		_main
   997 ;; This function uses a non-reentrant model
   998 ;;
   999                           
  1000                           
  1001                           ;psect for function _selectADC_5VREF
  1002  0066                     _selectADC_5VREF:	
  1003                           
  1004                           ;main.c: 52: ADCON1 &= 0b11111000;
  1005                           
  1006                           ;incstack = 0
  1007                           ; Regs used in _selectADC_5VREF: [wreg+status,2+status,0]
  1008  0066  30F8               	movlw	248
  1009  0067  00F1               	movwf	??_selectADC_5VREF
  1010  0068  0871               	movf	??_selectADC_5VREF,w
  1011  0069  0021               	movlb	1	; select bank1
  1012  006A  059E               	andwf	30,f	;volatile
  1013  006B  0008               	return
  1014  006C                     __end_of_selectADC_5VREF:	
  1015                           
  1016                           	psect	text3
  1017  004A                     __ptext3:	
  1018 ;; *************** function _selectADC *****************
  1019 ;; Defined at:
  1020 ;;		line 56 in file "main.c"
  1021 ;; Parameters:    Size  Location     Type
  1022 ;;  channel         1    wreg     unsigned char 
  1023 ;; Auto vars:     Size  Location     Type
  1024 ;;  channel         1    3[COMMON] unsigned char 
  1025 ;; Return value:  Size  Location     Type
  1026 ;;                  1    wreg      void 
  1027 ;; Registers used:
  1028 ;;		wreg, status,2, status,0
  1029 ;; Tracked objects:
  1030 ;;		On entry : 0/0
  1031 ;;		On exit  : 0/0
  1032 ;;		Unchanged: 0/0
  1033 ;; Data sizes:     COMMON   BANK0   BANK1
  1034 ;;      Params:         0       0       0
  1035 ;;      Locals:         1       0       0
  1036 ;;      Temps:          2       0       0
  1037 ;;      Totals:         3       0       0
  1038 ;;Total ram usage:        3 bytes
  1039 ;; Hardware stack levels used:    1
  1040 ;; Hardware stack levels required when called:    1
  1041 ;; This function calls:
  1042 ;;		Nothing
  1043 ;; This function is called by:
  1044 ;;		_main
  1045 ;; This function uses a non-reentrant model
  1046 ;;
  1047                           
  1048                           
  1049                           ;psect for function _selectADC
  1050  004A                     _selectADC:	
  1051                           
  1052                           ;incstack = 0
  1053                           ; Regs used in _selectADC: [wreg+status,2+status,0]
  1054                           ;selectADC@channel stored from wreg
  1055  004A  00F3               	movwf	selectADC@channel
  1056                           
  1057                           ;main.c: 58: channel &= 0b111;
  1058  004B  3007               	movlw	7
  1059  004C  00F1               	movwf	??_selectADC
  1060  004D  0871               	movf	??_selectADC,w
  1061  004E  05F3               	andwf	selectADC@channel,f
  1062                           
  1063                           ;main.c: 61: ADCON0 &= (2<<0b000);
  1064  004F  3002               	movlw	2
  1065  0050  00F1               	movwf	??_selectADC
  1066  0051  0871               	movf	??_selectADC,w
  1067  0052  0021               	movlb	1	; select bank1
  1068  0053  059D               	andwf	29,f	;volatile
  1069                           
  1070                           ;main.c: 63: ADCON0 |= (2<<channel);
  1071  0054  3002               	movlw	2
  1072  0055  00F1               	movwf	??_selectADC
  1073  0056  0A73               	incf	selectADC@channel,w
  1074  0057  2859               	goto	u14
  1075  0058                     u15:	
  1076  0058  35F1               	lslf	??_selectADC,f
  1077  0059                     u14:	
  1078  0059  0B89               	decfsz	9,f
  1079  005A  2858               	goto	u15
  1080  005B  0871               	movf	??_selectADC,w
  1081  005C  00F2               	movwf	??_selectADC+1
  1082  005D  0872               	movf	??_selectADC+1,w
  1083  005E  049D               	iorwf	29,f	;volatile
  1084  005F  0008               	return
  1085  0060                     __end_of_selectADC:	
  1086                           
  1087                           	psect	text4
  1088  002E                     __ptext4:	
  1089 ;; *************** function _getResultADC *****************
  1090 ;; Defined at:
  1091 ;;		line 74 in file "main.c"
  1092 ;; Parameters:    Size  Location     Type
  1093 ;;		None
  1094 ;; Auto vars:     Size  Location     Type
  1095 ;;		None
  1096 ;; Return value:  Size  Location     Type
  1097 ;;                  2    1[COMMON] unsigned int 
  1098 ;; Registers used:
  1099 ;;		wreg, status,2, status,0
  1100 ;; Tracked objects:
  1101 ;;		On entry : 0/0
  1102 ;;		On exit  : 0/0
  1103 ;;		Unchanged: 0/0
  1104 ;; Data sizes:     COMMON   BANK0   BANK1
  1105 ;;      Params:         2       0       0
  1106 ;;      Locals:         0       0       0
  1107 ;;      Temps:          7       0       0
  1108 ;;      Totals:         9       0       0
  1109 ;;Total ram usage:        9 bytes
  1110 ;; Hardware stack levels used:    1
  1111 ;; Hardware stack levels required when called:    1
  1112 ;; This function calls:
  1113 ;;		Nothing
  1114 ;; This function is called by:
  1115 ;;		_main
  1116 ;; This function uses a non-reentrant model
  1117 ;;
  1118                           
  1119                           
  1120                           ;psect for function _getResultADC
  1121  002E                     _getResultADC:	
  1122                           
  1123                           ;main.c: 75: return (ADRESH<<2)|(ADRESL>>6);
  1124                           
  1125                           ;incstack = 0
  1126                           ; Regs used in _getResultADC: [wreg+status,2+status,0]
  1127  002E  0021               	movlb	1	; select bank1
  1128  002F  081B               	movf	27,w	;volatile
  1129  0030  00F3               	movwf	??_getResultADC
  1130  0031  3006               	movlw	6
  1131  0032                     u45:	
  1132  0032  36F3               	lsrf	??_getResultADC,f
  1133  0033  0B89               	decfsz	9,f
  1134  0034  2832               	goto	u45
  1135  0035  0873               	movf	??_getResultADC,w
  1136  0036  00F4               	movwf	??_getResultADC+1
  1137  0037  01F5               	clrf	??_getResultADC+2
  1138  0038  081C               	movf	28,w	;volatile
  1139  0039  00F6               	movwf	??_getResultADC+3
  1140  003A  01F7               	clrf	??_getResultADC+4
  1141  003B  35F6               	lslf	??_getResultADC+3,f
  1142  003C  0DF7               	rlf	??_getResultADC+4,f
  1143  003D  35F6               	lslf	??_getResultADC+3,f
  1144  003E  0DF7               	rlf	??_getResultADC+4,f
  1145  003F  0874               	movf	??_getResultADC+1,w
  1146  0040  0476               	iorwf	??_getResultADC+3,w
  1147  0041  00F8               	movwf	??_getResultADC+5
  1148  0042  0875               	movf	??_getResultADC+2,w
  1149  0043  0477               	iorwf	??_getResultADC+4,w
  1150  0044  00F9               	movwf	??_getResultADC+6
  1151  0045  0878               	movf	??_getResultADC+5,w
  1152  0046  00F1               	movwf	?_getResultADC
  1153  0047  0879               	movf	??_getResultADC+6,w
  1154  0048  00F2               	movwf	?_getResultADC+1
  1155  0049  0008               	return
  1156  004A                     __end_of_getResultADC:	
  1157                           
  1158                           	psect	text5
  1159  006C                     __ptext5:	
  1160 ;; *************** function _convertADC *****************
  1161 ;; Defined at:
  1162 ;;		line 66 in file "main.c"
  1163 ;; Parameters:    Size  Location     Type
  1164 ;;		None
  1165 ;; Auto vars:     Size  Location     Type
  1166 ;;		None
  1167 ;; Return value:  Size  Location     Type
  1168 ;;                  1    wreg      void 
  1169 ;; Registers used:
  1170 ;;		wreg, status,2, status,0
  1171 ;; Tracked objects:
  1172 ;;		On entry : 0/0
  1173 ;;		On exit  : 0/0
  1174 ;;		Unchanged: 0/0
  1175 ;; Data sizes:     COMMON   BANK0   BANK1
  1176 ;;      Params:         0       0       0
  1177 ;;      Locals:         0       0       0
  1178 ;;      Temps:          1       0       0
  1179 ;;      Totals:         1       0       0
  1180 ;;Total ram usage:        1 bytes
  1181 ;; Hardware stack levels used:    1
  1182 ;; Hardware stack levels required when called:    1
  1183 ;; This function calls:
  1184 ;;		Nothing
  1185 ;; This function is called by:
  1186 ;;		_main
  1187 ;; This function uses a non-reentrant model
  1188 ;;
  1189                           
  1190                           
  1191                           ;psect for function _convertADC
  1192  006C                     _convertADC:	
  1193                           
  1194                           ;main.c: 67: ADCON0 |=0b11;
  1195                           
  1196                           ;incstack = 0
  1197                           ; Regs used in _convertADC: [wreg+status,2+status,0]
  1198  006C  3003               	movlw	3
  1199  006D  00F1               	movwf	??_convertADC
  1200  006E  0871               	movf	??_convertADC,w
  1201  006F  0021               	movlb	1	; select bank1
  1202  0070  049D               	iorwf	29,f	;volatile
  1203  0071  0008               	return
  1204  0072                     __end_of_convertADC:	
  1205                           
  1206                           	psect	text6
  1207  0072                     __ptext6:	
  1208 ;; *************** function _InitApp *****************
  1209 ;; Defined at:
  1210 ;;		line 27 in file "user.c"
  1211 ;; Parameters:    Size  Location     Type
  1212 ;;		None
  1213 ;; Auto vars:     Size  Location     Type
  1214 ;;		None
  1215 ;; Return value:  Size  Location     Type
  1216 ;;                  1    wreg      void 
  1217 ;; Registers used:
  1218 ;;		wreg, status,2
  1219 ;; Tracked objects:
  1220 ;;		On entry : 0/0
  1221 ;;		On exit  : 0/0
  1222 ;;		Unchanged: 0/0
  1223 ;; Data sizes:     COMMON   BANK0   BANK1
  1224 ;;      Params:         0       0       0
  1225 ;;      Locals:         0       0       0
  1226 ;;      Temps:          0       0       0
  1227 ;;      Totals:         0       0       0
  1228 ;;Total ram usage:        0 bytes
  1229 ;; Hardware stack levels used:    1
  1230 ;; Hardware stack levels required when called:    1
  1231 ;; This function calls:
  1232 ;;		Nothing
  1233 ;; This function is called by:
  1234 ;;		_main
  1235 ;; This function uses a non-reentrant model
  1236 ;;
  1237                           
  1238                           
  1239                           ;psect for function _InitApp
  1240  0072                     _InitApp:	
  1241                           
  1242                           ;user.c: 31: TRISC = ~(~TRISC | 0b100000);
  1243                           
  1244                           ;incstack = 0
  1245                           ; Regs used in _InitApp: [wreg+status,2]
  1246  0072  0021               	movlb	1	; select bank1
  1247  0073  090E               	comf	14,w	;volatile
  1248  0074  3820               	iorlw	32
  1249  0075  3AFF               	xorlw	255
  1250  0076  008E               	movwf	14	;volatile
  1251  0077  0008               	return
  1252  0078                     __end_of_InitApp:	
  1253                           
  1254                           	psect	intentry
  1255  0004                     __pintentry:	
  1256 ;; *************** function _isr *****************
  1257 ;; Defined at:
  1258 ;;		line 23 in file "interrupts.c"
  1259 ;; Parameters:    Size  Location     Type
  1260 ;;		None
  1261 ;; Auto vars:     Size  Location     Type
  1262 ;;		None
  1263 ;; Return value:  Size  Location     Type
  1264 ;;                  1    wreg      void 
  1265 ;; Registers used:
  1266 ;;		None
  1267 ;; Tracked objects:
  1268 ;;		On entry : 0/0
  1269 ;;		On exit  : 0/0
  1270 ;;		Unchanged: 0/0
  1271 ;; Data sizes:     COMMON   BANK0   BANK1
  1272 ;;      Params:         0       0       0
  1273 ;;      Locals:         0       0       0
  1274 ;;      Temps:          1       0       0
  1275 ;;      Totals:         1       0       0
  1276 ;;Total ram usage:        1 bytes
  1277 ;; Hardware stack levels used:    1
  1278 ;; This function calls:
  1279 ;;		Nothing
  1280 ;; This function is called by:
  1281 ;;		Interrupt level 1
  1282 ;; This function uses a non-reentrant model
  1283 ;;
  1284                           
  1285  0004                     _isr:	
  1286                           
  1287                           ;incstack = 0
  1288  0004  147E               	bsf	126,0	;set compiler interrupt flag (level 1)
  1289                           
  1290                           ; Regs used in _isr: []
  1291  0005  3180               	pagesel	$
  1292  0006  0020               	movlb	0	; select bank0
  1293  0007  087F               	movf	127,w
  1294  0008  00F0               	movwf	??_isr
  1295  0009  0870               	movf	??_isr,w
  1296  000A  00FF               	movwf	127
  1297  000B  107E               	bcf	126,0	;clear compiler interrupt flag (level 1)
  1298  000C  0009               	retfie
  1299  000D                     __end_of_isr:	
  1300  007E                     btemp	set	126	;btemp
  1301  007E                     int$flags	set	126
  1302  007E                     wtemp	set	126
  1303  007E                     wtemp0	set	126
  1304  0080                     wtemp1	set	128
  1305  0082                     wtemp2	set	130
  1306  0084                     wtemp3	set	132
  1307  0086                     wtemp4	set	134
  1308  0088                     wtemp5	set	136
  1309  007F                     wtemp6	set	127
  1310  007E                     ttemp	set	126
  1311  007E                     ttemp0	set	126
  1312  0081                     ttemp1	set	129
  1313  0084                     ttemp2	set	132
  1314  0087                     ttemp3	set	135
  1315  007F                     ttemp4	set	127
  1316  007E                     ltemp	set	126
  1317  007E                     ltemp0	set	126
  1318  0082                     ltemp1	set	130
  1319  0086                     ltemp2	set	134
  1320  0080                     ltemp3	set	128


Data Sizes:
    Strings     0
    Constant    0
    Data        0
    BSS         0
    Persistent  0
    Stack       0

Auto Spaces:
    Space          Size  Autos    Used
    COMMON           14     12      12
    BANK0            80      0       0
    BANK1            32      0       0

Pointer List with Targets:

    None.

Critical Paths under _main in COMMON

    _main->_getResultADC

Critical Paths under _isr in COMMON

    None.

Critical Paths under _main in BANK0

    None.

Critical Paths under _isr in BANK0

    None.

Critical Paths under _main in BANK1

    None.

Critical Paths under _isr in BANK1

    None.

Call Graph Tables:

 ---------------------------------------------------------------------------------
 (Depth) Function   	        Calls       Base Space   Used Autos Params    Refs
 ---------------------------------------------------------------------------------
 (0) _main                                                 2     2      0      15
                                             10 COMMON     2     2      0
                            _InitApp
                         _convertADC
                       _getResultADC
                          _selectADC
                    _selectADC_5VREF
                   _selectADC_IntOsc
 ---------------------------------------------------------------------------------
 (1) _selectADC_IntOsc                                     1     1      0       0
                                              1 COMMON     1     1      0
 ---------------------------------------------------------------------------------
 (1) _selectADC_5VREF                                      1     1      0       0
                                              1 COMMON     1     1      0
 ---------------------------------------------------------------------------------
 (1) _selectADC                                            3     3      0      15
                                              1 COMMON     3     3      0
 ---------------------------------------------------------------------------------
 (1) _getResultADC                                         9     7      2       0
                                              1 COMMON     9     7      2
 ---------------------------------------------------------------------------------
 (1) _convertADC                                           1     1      0       0
                                              1 COMMON     1     1      0
 ---------------------------------------------------------------------------------
 (1) _InitApp                                              0     0      0       0
 ---------------------------------------------------------------------------------
 Estimated maximum stack depth 1
 ---------------------------------------------------------------------------------
 (Depth) Function   	        Calls       Base Space   Used Autos Params    Refs
 ---------------------------------------------------------------------------------
 (2) _isr                                                  1     1      0       0
                                              0 COMMON     1     1      0
 ---------------------------------------------------------------------------------
 Estimated maximum stack depth 2
 ---------------------------------------------------------------------------------

 Call Graph Graphs:

 _main (ROOT)
   _InitApp
   _convertADC
   _getResultADC
   _selectADC
   _selectADC_5VREF
   _selectADC_IntOsc

 _isr (ROOT)

 Address spaces:
Name               Size   Autos  Total    Cost      Usage
BIGRAM              70      0       0       0        0.0%
NULL                 0      0       0       0        0.0%
CODE                 0      0       0       0        0.0%
BITCOMMON            E      0       0       1        0.0%
BITSFR0              0      0       0       1        0.0%
SFR0                 0      0       0       1        0.0%
COMMON               E      C       C       2       85.7%
BITSFR1              0      0       0       2        0.0%
SFR1                 0      0       0       2        0.0%
BITSFR2              0      0       0       3        0.0%
SFR2                 0      0       0       3        0.0%
STACK                0      0       0       3        0.0%
BITSFR3              0      0       0       4        0.0%
SFR3                 0      0       0       4        0.0%
ABS                  0      0       0       4        0.0%
BITBANK0            50      0       0       5        0.0%
BITSFR4              0      0       0       5        0.0%
SFR4                 0      0       0       5        0.0%
BANK0               50      0       0       6        0.0%
BITSFR5              0      0       0       6        0.0%
SFR5                 0      0       0       6        0.0%
BITBANK1            20      0       0       7        0.0%
BITSFR6              0      0       0       7        0.0%
SFR6                 0      0       0       7        0.0%
BANK1               20      0       0       8        0.0%
BITSFR7              0      0       0       8        0.0%
SFR7                 0      0       0       8        0.0%
BITSFR8              0      0       0       9        0.0%
SFR8                 0      0       0       9        0.0%
DATA                 0      0       0       9        0.0%
BITSFR9              0      0       0      10        0.0%
SFR9                 0      0       0      10        0.0%
BITSFR10             0      0       0      11        0.0%
SFR10                0      0       0      11        0.0%
BITSFR11             0      0       0      12        0.0%
SFR11                0      0       0      12        0.0%
BITSFR12             0      0       0      13        0.0%
SFR12                0      0       0      13        0.0%
BITSFR13             0      0       0      14        0.0%
SFR13                0      0       0      14        0.0%
BITSFR14             0      0       0      15        0.0%
SFR14                0      0       0      15        0.0%
BITSFR15             0      0       0      16        0.0%
SFR15                0      0       0      16        0.0%
BITSFR16             0      0       0      17        0.0%
SFR16                0      0       0      17        0.0%
BITSFR17             0      0       0      18        0.0%
SFR17                0      0       0      18        0.0%
BITSFR18             0      0       0      19        0.0%
SFR18                0      0       0      19        0.0%
BITSFR19             0      0       0      20        0.0%
SFR19                0      0       0      20        0.0%
BITSFR20             0      0       0      21        0.0%
SFR20                0      0       0      21        0.0%
BITSFR21             0      0       0      22        0.0%
SFR21                0      0       0      22        0.0%
BITSFR22             0      0       0      23        0.0%
SFR22                0      0       0      23        0.0%
BITSFR23             0      0       0      24        0.0%
SFR23                0      0       0      24        0.0%
BITSFR24             0      0       0      25        0.0%
SFR24                0      0       0      25        0.0%
BITSFR25             0      0       0      26        0.0%
SFR25                0      0       0      26        0.0%
BITSFR26             0      0       0      27        0.0%
SFR26                0      0       0      27        0.0%
BITSFR27             0      0       0      28        0.0%
SFR27                0      0       0      28        0.0%
BITSFR28             0      0       0      29        0.0%
SFR28                0      0       0      29        0.0%
BITSFR29             0      0       0      30        0.0%
SFR29                0      0       0      30        0.0%
BITSFR30             0      0       0      31        0.0%
SFR30                0      0       0      31        0.0%
BITSFR31             0      0       0      32        0.0%
SFR31                0      0       0      32        0.0%


Microchip Technology PIC Macro Assembler V1.38 build -256452561 
Symbol Table                                                                                   Sun Sep 18 17:44:01 2016

           ??_getResultADC 0073          ??_selectADC_5VREF 0071                __CFG_CP$OFF 0000  
                       l42 0022                         l38 0012                         u14 0059  
                       u15 0058                         u45 0032                         u67 0028  
              __CFG_LVP$ON 0000                        l470 0024                        _RC5 0075  
                      _isr 0004          ?_selectADC_IntOsc 0070               __CFG_BORV$LO 0000  
                      wreg 0009         ??_selectADC_IntOsc 0071                       ?_isr 0070  
             __CFG_WDTE$ON 0000               __CFG_WRT$OFF 0000                       _main 0011  
                     btemp 007E              __CFG_BOREN$ON 0000                       ltemp 007E  
                     start 000D                       ttemp 007E                       wtemp 007E  
            __CFG_MCLRE$ON 0000            __end_of_InitApp 0078                      ??_isr 0070  
                    ?_main 0070                      _TRISC 008E                      ltemp0 007E  
                    ltemp1 0082                      ltemp2 0086                      ltemp3 0080  
                    ttemp0 007E                      ttemp1 0081                      ttemp2 0084  
                    ttemp3 0087                      ttemp4 007F                      wtemp0 007E  
                    wtemp1 0080                      wtemp2 0082                      wtemp3 0084  
                    wtemp4 0086                      wtemp5 0088                      wtemp6 007F  
          __initialization 000E               __end_of_main 002E             __CFG_LPBOR$OFF 0000  
                   ??_main 007A           selectADC@channel 0073                     _ADCON0 009D  
                   _ADCON1 009E       __end_of_getResultADC 004A                     _ADRESH 009C  
                   _ADRESL 009B                  ??_InitApp 0071             __CFG_PWRTE$OFF 0000  
           __CFG_STVREN$ON 0000            _selectADC_5VREF 0066    __end_of__initialization 000E  
           __pcstackCOMMON 0070  __size_of_selectADC_IntOsc 0006                 __pmaintext 0011  
       __size_of_selectADC 0016                 __pintentry 0004      __size_of_getResultADC 001C  
  __end_of_selectADC_5VREF 006C                 _convertADC 006C                    _InitApp 0072  
             _getResultADC 002E                    __ptext1 0060                    __ptext2 0066  
                  __ptext3 004A                    __ptext4 002E                    __ptext5 006C  
                  __ptext6 0072               __size_of_isr 0009          __end_of_selectADC 0060  
     end_of_initialization 000E           __CFG_FOSC$INTOSC 0000           ?_selectADC_5VREF 0070  
              ?_convertADC 0070           _selectADC_IntOsc 0060        start_initialization 000E  
              __end_of_isr 000D        __size_of_convertADC 0006                  ___latbits 0000  
                 ?_InitApp 0070                  _selectADC 004A   __end_of_selectADC_IntOsc 0066  
             ??_convertADC 0071                 ?_selectADC 0070           __size_of_InitApp 0006  
       __end_of_convertADC 0072              __size_of_main 001D   __size_of_selectADC_5VREF 0006  
                 int$flags 007E                   intlevel1 0000                ??_selectADC 0071  
        __CFG_CLKOUTEN$OFF 0000              ?_getResultADC 0071  
