

Microchip Technology PIC LITE Macro Assembler V1.38 build -256452561 
                                                                                               Sat Sep 24 11:09:08 2016

Microchip Technology Omniscient Code Generator v1.38 (Free mode) build 201607010351
     1                           	processor	16F1503
     2                           	opt	pw 120
     3                           	opt	lm
     4                           	psect	cinit,global,class=CODE,merge=1,delta=2
     5                           	psect	cstackCOMMON,global,class=COMMON,space=1,delta=1
     6                           	psect	maintext,global,class=CODE,merge=1,split=1,delta=2
     7                           	psect	text1,local,class=CODE,merge=1,delta=2
     8                           	psect	text2,local,class=CODE,merge=1,delta=2
     9                           	psect	text3,local,class=CODE,merge=1,delta=2
    10                           	psect	text4,local,class=CODE,merge=1,delta=2
    11                           	psect	text5,local,class=CODE,merge=1,delta=2
    12                           	psect	text6,local,class=CODE,merge=1,delta=2
    13                           	psect	intentry,global,class=CODE,delta=2
    14                           	dabs	1,0x7E,2
    15  0000                     	;# 
    16  0001                     	;# 
    17  0002                     	;# 
    18  0003                     	;# 
    19  0004                     	;# 
    20  0005                     	;# 
    21  0006                     	;# 
    22  0007                     	;# 
    23  0008                     	;# 
    24  0009                     	;# 
    25  000A                     	;# 
    26  000B                     	;# 
    27  000C                     	;# 
    28  000E                     	;# 
    29  0011                     	;# 
    30  0012                     	;# 
    31  0013                     	;# 
    32  0015                     	;# 
    33  0016                     	;# 
    34  0016                     	;# 
    35  0017                     	;# 
    36  0018                     	;# 
    37  0019                     	;# 
    38  001A                     	;# 
    39  001B                     	;# 
    40  001C                     	;# 
    41  008C                     	;# 
    42  008E                     	;# 
    43  0091                     	;# 
    44  0092                     	;# 
    45  0093                     	;# 
    46  0095                     	;# 
    47  0096                     	;# 
    48  0097                     	;# 
    49  0099                     	;# 
    50  009A                     	;# 
    51  009B                     	;# 
    52  009B                     	;# 
    53  009C                     	;# 
    54  009D                     	;# 
    55  009E                     	;# 
    56  009F                     	;# 
    57  010C                     	;# 
    58  010E                     	;# 
    59  0111                     	;# 
    60  0112                     	;# 
    61  0113                     	;# 
    62  0114                     	;# 
    63  0115                     	;# 
    64  0116                     	;# 
    65  0117                     	;# 
    66  0118                     	;# 
    67  0119                     	;# 
    68  011D                     	;# 
    69  018C                     	;# 
    70  018E                     	;# 
    71  0191                     	;# 
    72  0191                     	;# 
    73  0192                     	;# 
    74  0193                     	;# 
    75  0193                     	;# 
    76  0194                     	;# 
    77  0195                     	;# 
    78  0196                     	;# 
    79  0197                     	;# 
    80  020C                     	;# 
    81  0211                     	;# 
    82  0211                     	;# 
    83  0212                     	;# 
    84  0212                     	;# 
    85  0213                     	;# 
    86  0213                     	;# 
    87  0214                     	;# 
    88  0214                     	;# 
    89  0215                     	;# 
    90  0215                     	;# 
    91  0215                     	;# 
    92  0216                     	;# 
    93  0216                     	;# 
    94  0217                     	;# 
    95  0217                     	;# 
    96  0391                     	;# 
    97  0392                     	;# 
    98  0393                     	;# 
    99  0498                     	;# 
   100  0498                     	;# 
   101  0499                     	;# 
   102  049A                     	;# 
   103  049B                     	;# 
   104  049B                     	;# 
   105  049C                     	;# 
   106  049D                     	;# 
   107  049E                     	;# 
   108  049F                     	;# 
   109  0611                     	;# 
   110  0612                     	;# 
   111  0613                     	;# 
   112  0613                     	;# 
   113  0614                     	;# 
   114  0615                     	;# 
   115  0616                     	;# 
   116  0616                     	;# 
   117  0617                     	;# 
   118  0618                     	;# 
   119  0619                     	;# 
   120  0619                     	;# 
   121  061A                     	;# 
   122  061B                     	;# 
   123  061C                     	;# 
   124  061C                     	;# 
   125  0691                     	;# 
   126  0692                     	;# 
   127  0693                     	;# 
   128  0694                     	;# 
   129  0695                     	;# 
   130  0F0F                     	;# 
   131  0F10                     	;# 
   132  0F11                     	;# 
   133  0F12                     	;# 
   134  0F13                     	;# 
   135  0F14                     	;# 
   136  0F15                     	;# 
   137  0F16                     	;# 
   138  0F17                     	;# 
   139  0F18                     	;# 
   140  0F19                     	;# 
   141  0F1A                     	;# 
   142  0F1B                     	;# 
   143  0F1C                     	;# 
   144  0F1D                     	;# 
   145  0F1E                     	;# 
   146  0F1F                     	;# 
   147  0FE3                     	;# 
   148  0FE4                     	;# 
   149  0FE5                     	;# 
   150  0FE6                     	;# 
   151  0FE7                     	;# 
   152  0FE8                     	;# 
   153  0FE9                     	;# 
   154  0FEA                     	;# 
   155  0FEB                     	;# 
   156  0FED                     	;# 
   157  0FEE                     	;# 
   158  0FEF                     	;# 
   159  0000                     	;# 
   160  0001                     	;# 
   161  0002                     	;# 
   162  0003                     	;# 
   163  0004                     	;# 
   164  0005                     	;# 
   165  0006                     	;# 
   166  0007                     	;# 
   167  0008                     	;# 
   168  0009                     	;# 
   169  000A                     	;# 
   170  000B                     	;# 
   171  000C                     	;# 
   172  000E                     	;# 
   173  0011                     	;# 
   174  0012                     	;# 
   175  0013                     	;# 
   176  0015                     	;# 
   177  0016                     	;# 
   178  0016                     	;# 
   179  0017                     	;# 
   180  0018                     	;# 
   181  0019                     	;# 
   182  001A                     	;# 
   183  001B                     	;# 
   184  001C                     	;# 
   185  008C                     	;# 
   186  008E                     	;# 
   187  0091                     	;# 
   188  0092                     	;# 
   189  0093                     	;# 
   190  0095                     	;# 
   191  0096                     	;# 
   192  0097                     	;# 
   193  0099                     	;# 
   194  009A                     	;# 
   195  009B                     	;# 
   196  009B                     	;# 
   197  009C                     	;# 
   198  009D                     	;# 
   199  009E                     	;# 
   200  009F                     	;# 
   201  010C                     	;# 
   202  010E                     	;# 
   203  0111                     	;# 
   204  0112                     	;# 
   205  0113                     	;# 
   206  0114                     	;# 
   207  0115                     	;# 
   208  0116                     	;# 
   209  0117                     	;# 
   210  0118                     	;# 
   211  0119                     	;# 
   212  011D                     	;# 
   213  018C                     	;# 
   214  018E                     	;# 
   215  0191                     	;# 
   216  0191                     	;# 
   217  0192                     	;# 
   218  0193                     	;# 
   219  0193                     	;# 
   220  0194                     	;# 
   221  0195                     	;# 
   222  0196                     	;# 
   223  0197                     	;# 
   224  020C                     	;# 
   225  0211                     	;# 
   226  0211                     	;# 
   227  0212                     	;# 
   228  0212                     	;# 
   229  0213                     	;# 
   230  0213                     	;# 
   231  0214                     	;# 
   232  0214                     	;# 
   233  0215                     	;# 
   234  0215                     	;# 
   235  0215                     	;# 
   236  0216                     	;# 
   237  0216                     	;# 
   238  0217                     	;# 
   239  0217                     	;# 
   240  0391                     	;# 
   241  0392                     	;# 
   242  0393                     	;# 
   243  0498                     	;# 
   244  0498                     	;# 
   245  0499                     	;# 
   246  049A                     	;# 
   247  049B                     	;# 
   248  049B                     	;# 
   249  049C                     	;# 
   250  049D                     	;# 
   251  049E                     	;# 
   252  049F                     	;# 
   253  0611                     	;# 
   254  0612                     	;# 
   255  0613                     	;# 
   256  0613                     	;# 
   257  0614                     	;# 
   258  0615                     	;# 
   259  0616                     	;# 
   260  0616                     	;# 
   261  0617                     	;# 
   262  0618                     	;# 
   263  0619                     	;# 
   264  0619                     	;# 
   265  061A                     	;# 
   266  061B                     	;# 
   267  061C                     	;# 
   268  061C                     	;# 
   269  0691                     	;# 
   270  0692                     	;# 
   271  0693                     	;# 
   272  0694                     	;# 
   273  0695                     	;# 
   274  0F0F                     	;# 
   275  0F10                     	;# 
   276  0F11                     	;# 
   277  0F12                     	;# 
   278  0F13                     	;# 
   279  0F14                     	;# 
   280  0F15                     	;# 
   281  0F16                     	;# 
   282  0F17                     	;# 
   283  0F18                     	;# 
   284  0F19                     	;# 
   285  0F1A                     	;# 
   286  0F1B                     	;# 
   287  0F1C                     	;# 
   288  0F1D                     	;# 
   289  0F1E                     	;# 
   290  0F1F                     	;# 
   291  0FE3                     	;# 
   292  0FE4                     	;# 
   293  0FE5                     	;# 
   294  0FE6                     	;# 
   295  0FE7                     	;# 
   296  0FE8                     	;# 
   297  0FE9                     	;# 
   298  0FEA                     	;# 
   299  0FEB                     	;# 
   300  0FED                     	;# 
   301  0FEE                     	;# 
   302  0FEF                     	;# 
   303  0000                     	;# 
   304  0001                     	;# 
   305  0002                     	;# 
   306  0003                     	;# 
   307  0004                     	;# 
   308  0005                     	;# 
   309  0006                     	;# 
   310  0007                     	;# 
   311  0008                     	;# 
   312  0009                     	;# 
   313  000A                     	;# 
   314  000B                     	;# 
   315  000C                     	;# 
   316  000E                     	;# 
   317  0011                     	;# 
   318  0012                     	;# 
   319  0013                     	;# 
   320  0015                     	;# 
   321  0016                     	;# 
   322  0016                     	;# 
   323  0017                     	;# 
   324  0018                     	;# 
   325  0019                     	;# 
   326  001A                     	;# 
   327  001B                     	;# 
   328  001C                     	;# 
   329  008C                     	;# 
   330  008E                     	;# 
   331  0091                     	;# 
   332  0092                     	;# 
   333  0093                     	;# 
   334  0095                     	;# 
   335  0096                     	;# 
   336  0097                     	;# 
   337  0099                     	;# 
   338  009A                     	;# 
   339  009B                     	;# 
   340  009B                     	;# 
   341  009C                     	;# 
   342  009D                     	;# 
   343  009E                     	;# 
   344  009F                     	;# 
   345  010C                     	;# 
   346  010E                     	;# 
   347  0111                     	;# 
   348  0112                     	;# 
   349  0113                     	;# 
   350  0114                     	;# 
   351  0115                     	;# 
   352  0116                     	;# 
   353  0117                     	;# 
   354  0118                     	;# 
   355  0119                     	;# 
   356  011D                     	;# 
   357  018C                     	;# 
   358  018E                     	;# 
   359  0191                     	;# 
   360  0191                     	;# 
   361  0192                     	;# 
   362  0193                     	;# 
   363  0193                     	;# 
   364  0194                     	;# 
   365  0195                     	;# 
   366  0196                     	;# 
   367  0197                     	;# 
   368  020C                     	;# 
   369  0211                     	;# 
   370  0211                     	;# 
   371  0212                     	;# 
   372  0212                     	;# 
   373  0213                     	;# 
   374  0213                     	;# 
   375  0214                     	;# 
   376  0214                     	;# 
   377  0215                     	;# 
   378  0215                     	;# 
   379  0215                     	;# 
   380  0216                     	;# 
   381  0216                     	;# 
   382  0217                     	;# 
   383  0217                     	;# 
   384  0391                     	;# 
   385  0392                     	;# 
   386  0393                     	;# 
   387  0498                     	;# 
   388  0498                     	;# 
   389  0499                     	;# 
   390  049A                     	;# 
   391  049B                     	;# 
   392  049B                     	;# 
   393  049C                     	;# 
   394  049D                     	;# 
   395  049E                     	;# 
   396  049F                     	;# 
   397  0611                     	;# 
   398  0612                     	;# 
   399  0613                     	;# 
   400  0613                     	;# 
   401  0614                     	;# 
   402  0615                     	;# 
   403  0616                     	;# 
   404  0616                     	;# 
   405  0617                     	;# 
   406  0618                     	;# 
   407  0619                     	;# 
   408  0619                     	;# 
   409  061A                     	;# 
   410  061B                     	;# 
   411  061C                     	;# 
   412  061C                     	;# 
   413  0691                     	;# 
   414  0692                     	;# 
   415  0693                     	;# 
   416  0694                     	;# 
   417  0695                     	;# 
   418  0F0F                     	;# 
   419  0F10                     	;# 
   420  0F11                     	;# 
   421  0F12                     	;# 
   422  0F13                     	;# 
   423  0F14                     	;# 
   424  0F15                     	;# 
   425  0F16                     	;# 
   426  0F17                     	;# 
   427  0F18                     	;# 
   428  0F19                     	;# 
   429  0F1A                     	;# 
   430  0F1B                     	;# 
   431  0F1C                     	;# 
   432  0F1D                     	;# 
   433  0F1E                     	;# 
   434  0F1F                     	;# 
   435  0FE3                     	;# 
   436  0FE4                     	;# 
   437  0FE5                     	;# 
   438  0FE6                     	;# 
   439  0FE7                     	;# 
   440  0FE8                     	;# 
   441  0FE9                     	;# 
   442  0FEA                     	;# 
   443  0FEB                     	;# 
   444  0FED                     	;# 
   445  0FEE                     	;# 
   446  0FEF                     	;# 
   447  0000                     	;# 
   448  0001                     	;# 
   449  0002                     	;# 
   450  0003                     	;# 
   451  0004                     	;# 
   452  0005                     	;# 
   453  0006                     	;# 
   454  0007                     	;# 
   455  0008                     	;# 
   456  0009                     	;# 
   457  000A                     	;# 
   458  000B                     	;# 
   459  000C                     	;# 
   460  000E                     	;# 
   461  0011                     	;# 
   462  0012                     	;# 
   463  0013                     	;# 
   464  0015                     	;# 
   465  0016                     	;# 
   466  0016                     	;# 
   467  0017                     	;# 
   468  0018                     	;# 
   469  0019                     	;# 
   470  001A                     	;# 
   471  001B                     	;# 
   472  001C                     	;# 
   473  008C                     	;# 
   474  008E                     	;# 
   475  0091                     	;# 
   476  0092                     	;# 
   477  0093                     	;# 
   478  0095                     	;# 
   479  0096                     	;# 
   480  0097                     	;# 
   481  0099                     	;# 
   482  009A                     	;# 
   483  009B                     	;# 
   484  009B                     	;# 
   485  009C                     	;# 
   486  009D                     	;# 
   487  009E                     	;# 
   488  009F                     	;# 
   489  010C                     	;# 
   490  010E                     	;# 
   491  0111                     	;# 
   492  0112                     	;# 
   493  0113                     	;# 
   494  0114                     	;# 
   495  0115                     	;# 
   496  0116                     	;# 
   497  0117                     	;# 
   498  0118                     	;# 
   499  0119                     	;# 
   500  011D                     	;# 
   501  018C                     	;# 
   502  018E                     	;# 
   503  0191                     	;# 
   504  0191                     	;# 
   505  0192                     	;# 
   506  0193                     	;# 
   507  0193                     	;# 
   508  0194                     	;# 
   509  0195                     	;# 
   510  0196                     	;# 
   511  0197                     	;# 
   512  020C                     	;# 
   513  0211                     	;# 
   514  0211                     	;# 
   515  0212                     	;# 
   516  0212                     	;# 
   517  0213                     	;# 
   518  0213                     	;# 
   519  0214                     	;# 
   520  0214                     	;# 
   521  0215                     	;# 
   522  0215                     	;# 
   523  0215                     	;# 
   524  0216                     	;# 
   525  0216                     	;# 
   526  0217                     	;# 
   527  0217                     	;# 
   528  0391                     	;# 
   529  0392                     	;# 
   530  0393                     	;# 
   531  0498                     	;# 
   532  0498                     	;# 
   533  0499                     	;# 
   534  049A                     	;# 
   535  049B                     	;# 
   536  049B                     	;# 
   537  049C                     	;# 
   538  049D                     	;# 
   539  049E                     	;# 
   540  049F                     	;# 
   541  0611                     	;# 
   542  0612                     	;# 
   543  0613                     	;# 
   544  0613                     	;# 
   545  0614                     	;# 
   546  0615                     	;# 
   547  0616                     	;# 
   548  0616                     	;# 
   549  0617                     	;# 
   550  0618                     	;# 
   551  0619                     	;# 
   552  0619                     	;# 
   553  061A                     	;# 
   554  061B                     	;# 
   555  061C                     	;# 
   556  061C                     	;# 
   557  0691                     	;# 
   558  0692                     	;# 
   559  0693                     	;# 
   560  0694                     	;# 
   561  0695                     	;# 
   562  0F0F                     	;# 
   563  0F10                     	;# 
   564  0F11                     	;# 
   565  0F12                     	;# 
   566  0F13                     	;# 
   567  0F14                     	;# 
   568  0F15                     	;# 
   569  0F16                     	;# 
   570  0F17                     	;# 
   571  0F18                     	;# 
   572  0F19                     	;# 
   573  0F1A                     	;# 
   574  0F1B                     	;# 
   575  0F1C                     	;# 
   576  0F1D                     	;# 
   577  0F1E                     	;# 
   578  0F1F                     	;# 
   579  0FE3                     	;# 
   580  0FE4                     	;# 
   581  0FE5                     	;# 
   582  0FE6                     	;# 
   583  0FE7                     	;# 
   584  0FE8                     	;# 
   585  0FE9                     	;# 
   586  0FEA                     	;# 
   587  0FEB                     	;# 
   588  0FED                     	;# 
   589  0FEE                     	;# 
   590  0FEF                     	;# 
   591  0000                     	;# 
   592  0001                     	;# 
   593  0002                     	;# 
   594  0003                     	;# 
   595  0004                     	;# 
   596  0005                     	;# 
   597  0006                     	;# 
   598  0007                     	;# 
   599  0008                     	;# 
   600  0009                     	;# 
   601  000A                     	;# 
   602  000B                     	;# 
   603  000C                     	;# 
   604  000E                     	;# 
   605  0011                     	;# 
   606  0012                     	;# 
   607  0013                     	;# 
   608  0015                     	;# 
   609  0016                     	;# 
   610  0016                     	;# 
   611  0017                     	;# 
   612  0018                     	;# 
   613  0019                     	;# 
   614  001A                     	;# 
   615  001B                     	;# 
   616  001C                     	;# 
   617  008C                     	;# 
   618  008E                     	;# 
   619  0091                     	;# 
   620  0092                     	;# 
   621  0093                     	;# 
   622  0095                     	;# 
   623  0096                     	;# 
   624  0097                     	;# 
   625  0099                     	;# 
   626  009A                     	;# 
   627  009B                     	;# 
   628  009B                     	;# 
   629  009C                     	;# 
   630  009D                     	;# 
   631  009E                     	;# 
   632  009F                     	;# 
   633  010C                     	;# 
   634  010E                     	;# 
   635  0111                     	;# 
   636  0112                     	;# 
   637  0113                     	;# 
   638  0114                     	;# 
   639  0115                     	;# 
   640  0116                     	;# 
   641  0117                     	;# 
   642  0118                     	;# 
   643  0119                     	;# 
   644  011D                     	;# 
   645  018C                     	;# 
   646  018E                     	;# 
   647  0191                     	;# 
   648  0191                     	;# 
   649  0192                     	;# 
   650  0193                     	;# 
   651  0193                     	;# 
   652  0194                     	;# 
   653  0195                     	;# 
   654  0196                     	;# 
   655  0197                     	;# 
   656  020C                     	;# 
   657  0211                     	;# 
   658  0211                     	;# 
   659  0212                     	;# 
   660  0212                     	;# 
   661  0213                     	;# 
   662  0213                     	;# 
   663  0214                     	;# 
   664  0214                     	;# 
   665  0215                     	;# 
   666  0215                     	;# 
   667  0215                     	;# 
   668  0216                     	;# 
   669  0216                     	;# 
   670  0217                     	;# 
   671  0217                     	;# 
   672  0391                     	;# 
   673  0392                     	;# 
   674  0393                     	;# 
   675  0498                     	;# 
   676  0498                     	;# 
   677  0499                     	;# 
   678  049A                     	;# 
   679  049B                     	;# 
   680  049B                     	;# 
   681  049C                     	;# 
   682  049D                     	;# 
   683  049E                     	;# 
   684  049F                     	;# 
   685  0611                     	;# 
   686  0612                     	;# 
   687  0613                     	;# 
   688  0613                     	;# 
   689  0614                     	;# 
   690  0615                     	;# 
   691  0616                     	;# 
   692  0616                     	;# 
   693  0617                     	;# 
   694  0618                     	;# 
   695  0619                     	;# 
   696  0619                     	;# 
   697  061A                     	;# 
   698  061B                     	;# 
   699  061C                     	;# 
   700  061C                     	;# 
   701  0691                     	;# 
   702  0692                     	;# 
   703  0693                     	;# 
   704  0694                     	;# 
   705  0695                     	;# 
   706  0F0F                     	;# 
   707  0F10                     	;# 
   708  0F11                     	;# 
   709  0F12                     	;# 
   710  0F13                     	;# 
   711  0F14                     	;# 
   712  0F15                     	;# 
   713  0F16                     	;# 
   714  0F17                     	;# 
   715  0F18                     	;# 
   716  0F19                     	;# 
   717  0F1A                     	;# 
   718  0F1B                     	;# 
   719  0F1C                     	;# 
   720  0F1D                     	;# 
   721  0F1E                     	;# 
   722  0F1F                     	;# 
   723  0FE3                     	;# 
   724  0FE4                     	;# 
   725  0FE5                     	;# 
   726  0FE6                     	;# 
   727  0FE7                     	;# 
   728  0FE8                     	;# 
   729  0FE9                     	;# 
   730  0FEA                     	;# 
   731  0FEB                     	;# 
   732  0FED                     	;# 
   733  0FEE                     	;# 
   734  0FEF                     	;# 
   735  000B                     _INTCON	set	11
   736  0075                     _RC5	set	117
   737  009D                     _ADCON0	set	157
   738  009E                     _ADCON1	set	158
   739  009C                     _ADRESH	set	156
   740  009B                     _ADRESL	set	155
   741  0092                     _PIE2	set	146
   742  008C                     _TRISA	set	140
   743  008E                     _TRISC	set	142
   744  011D                     _APFCON	set	285
   745  049F                     _NCO1CLK	set	1183
   746  049E                     _NCO1CON	set	1182
   747  049C                     _NCO1INCH	set	1180
   748  049B                     _NCO1INCL	set	1179
   749                           
   750                           ; #config settings
   751  0000                     
   752                           	psect	cinit
   753  000E                     start_initialization:	
   754  000E                     __initialization:	
   755  000E                     end_of_initialization:	
   756                           ;End of C runtime variable initialization code
   757                           
   758  000E                     __end_of__initialization:	
   759  000E  107E               	bcf	int$flags,0	;clear compiler interrupt flag (level 1)
   760  000F  0020               	movlb	0
   761  0010  2811               	ljmp	_main	;jump to C main() function
   762                           
   763                           	psect	cstackCOMMON
   764  0070                     __pcstackCOMMON:	
   765  0070                     ?_InitApp:	
   766  0070                     ?_selectADC_IntOsc:	
   767                           ; 1 bytes @ 0x0
   768                           
   769  0070                     ?_selectADC_5VREF:	
   770                           ; 1 bytes @ 0x0
   771                           
   772  0070                     ?_selectADC:	
   773                           ; 1 bytes @ 0x0
   774                           
   775  0070                     ?_convertADC:	
   776                           ; 1 bytes @ 0x0
   777                           
   778  0070                     ?_isr:	
   779                           ; 1 bytes @ 0x0
   780                           
   781  0070                     ??_isr:	
   782                           ; 1 bytes @ 0x0
   783                           
   784  0070                     ?_main:	
   785                           ; 1 bytes @ 0x0
   786                           
   787                           
   788                           ; 1 bytes @ 0x0
   789  0070                     	ds	1
   790  0071                     ??_InitApp:	
   791  0071                     ??_selectADC_IntOsc:	
   792                           ; 1 bytes @ 0x1
   793                           
   794  0071                     ??_selectADC_5VREF:	
   795                           ; 1 bytes @ 0x1
   796                           
   797  0071                     ??_selectADC:	
   798                           ; 1 bytes @ 0x1
   799                           
   800  0071                     ??_convertADC:	
   801                           ; 1 bytes @ 0x1
   802                           
   803  0071                     ?_getResultADC:	
   804                           ; 1 bytes @ 0x1
   805                           
   806                           
   807                           ; 2 bytes @ 0x1
   808  0071                     	ds	2
   809  0073                     ??_getResultADC:	
   810  0073                     selectADC@channel:	
   811                           ; 1 bytes @ 0x3
   812                           
   813                           
   814                           ; 1 bytes @ 0x3
   815  0073                     	ds	7
   816  007A                     ??_main:	
   817                           
   818                           ; 1 bytes @ 0xA
   819  007A                     	ds	2
   820                           
   821                           	psect	maintext
   822  0011                     __pmaintext:	
   823 ;;
   824 ;;Main: autosize = 0, tempsize = 2, incstack = 0, save=0
   825 ;;
   826 ;; *************** function _main *****************
   827 ;; Defined at:
   828 ;;		line 55 in file "main.c"
   829 ;; Parameters:    Size  Location     Type
   830 ;;		None
   831 ;; Auto vars:     Size  Location     Type
   832 ;;		None
   833 ;; Return value:  Size  Location     Type
   834 ;;                  1    wreg      void 
   835 ;; Registers used:
   836 ;;		wreg, status,2, status,0, pclath, cstack
   837 ;; Tracked objects:
   838 ;;		On entry : B1F/0
   839 ;;		On exit  : 0/0
   840 ;;		Unchanged: 0/0
   841 ;; Data sizes:     COMMON   BANK0   BANK1
   842 ;;      Params:         0       0       0
   843 ;;      Locals:         0       0       0
   844 ;;      Temps:          2       0       0
   845 ;;      Totals:         2       0       0
   846 ;;Total ram usage:        2 bytes
   847 ;; Hardware stack levels required when called:    2
   848 ;; This function calls:
   849 ;;		_InitApp
   850 ;;		_convertADC
   851 ;;		_getResultADC
   852 ;;		_selectADC
   853 ;;		_selectADC_5VREF
   854 ;;		_selectADC_IntOsc
   855 ;; This function is called by:
   856 ;;		Startup code after reset
   857 ;; This function uses a non-reentrant model
   858 ;;
   859                           
   860                           
   861                           ;psect for function _main
   862  0011                     _main:	
   863                           
   864                           ;main.c: 61: InitApp();
   865                           
   866                           ;incstack = 0
   867                           ; Regs used in _main: [wreg+status,2+status,0+pclath+cstack]
   868  0011  206C               	fcall	_InitApp
   869  0012                     l46:	
   870                           ;main.c: 63: while(1)
   871                           
   872                           
   873                           ;main.c: 64: {
   874                           ;main.c: 71: selectADC_IntOsc();
   875  0012  2076               	fcall	_selectADC_IntOsc
   876                           
   877                           ;main.c: 72: selectADC_5VREF();
   878  0013  207C               	fcall	_selectADC_5VREF
   879                           
   880                           ;main.c: 73: selectADC(2);
   881  0014  3002               	movlw	2
   882  0015  2056               	fcall	_selectADC
   883                           
   884                           ;main.c: 75: convertADC();
   885  0016  2082               	fcall	_convertADC
   886                           
   887                           ;main.c: 77: while(!completeADC){
   888  0017  282C               	goto	l517
   889                           
   890                           ;main.c: 79: _delay((unsigned long)((100)*(800000/4000.0)));
   891                           
   892                           ;main.c: 78: RC5=1;
   893  0018  301A               	movlw	26
   894  0019  00FB               	movwf	??_main+1
   895  001A  30F8               	movlw	248
   896  001B  00FA               	movwf	??_main
   897  001C                     u67:	
   898  001C  0BFA               	decfsz	??_main,f
   899  001D  281C               	goto	u67
   900  001E  0BFB               	decfsz	??_main+1,f
   901  001F  281C               	goto	u67
   902  0020  0000               	nop
   903                           
   904                           ;main.c: 80: RC5=0;
   905  0021  0020               	movlb	0	; select bank0
   906  0022  128E               	bcf	14,5	;volatile
   907                           
   908                           ;main.c: 81: _delay((unsigned long)((100)*(800000/4000.0)));
   909  0023  301A               	movlw	26
   910  0024  00FB               	movwf	??_main+1
   911  0025  30F8               	movlw	248
   912  0026  00FA               	movwf	??_main
   913  0027                     u77:	
   914  0027  0BFA               	decfsz	??_main,f
   915  0028  2827               	goto	u77
   916  0029  0BFB               	decfsz	??_main+1,f
   917  002A  2827               	goto	u77
   918  002B  0000               	nop
   919  002C                     l517:	
   920                           
   921                           ;main.c: 82: }
   922                           ;main.c: 85: if(getResultADC()>491){
   923  002C  203A               	fcall	_getResultADC
   924  002D  3001               	movlw	1
   925  002E  0272               	subwf	?_getResultADC+1,w
   926  002F  30EC               	movlw	236
   927  0030  1903               	skipnz
   928  0031  0271               	subwf	?_getResultADC,w
   929  0032  1C03               	skipc
   930  0033  2837               	goto	l50
   931                           
   932                           ;main.c: 86: RC5=1;
   933  0034  0020               	movlb	0	; select bank0
   934  0035  168E               	bsf	14,5	;volatile
   935                           
   936                           ;main.c: 87: }
   937  0036  2812               	goto	l46
   938  0037                     l50:	
   939                           
   940                           ;main.c: 88: else{
   941                           ;main.c: 89: RC5=0;
   942  0037  0020               	movlb	0	; select bank0
   943  0038  128E               	bcf	14,5	;volatile
   944  0039  2812               	goto	l46
   945  003A                     __end_of_main:	
   946                           
   947                           	psect	text1
   948  0076                     __ptext1:	
   949 ;; *************** function _selectADC_IntOsc *****************
   950 ;; Defined at:
   951 ;;		line 100 in file "main.c"
   952 ;; Parameters:    Size  Location     Type
   953 ;;		None
   954 ;; Auto vars:     Size  Location     Type
   955 ;;		None
   956 ;; Return value:  Size  Location     Type
   957 ;;                  1    wreg      void 
   958 ;; Registers used:
   959 ;;		wreg, status,2, status,0
   960 ;; Tracked objects:
   961 ;;		On entry : 0/0
   962 ;;		On exit  : 0/0
   963 ;;		Unchanged: 0/0
   964 ;; Data sizes:     COMMON   BANK0   BANK1
   965 ;;      Params:         0       0       0
   966 ;;      Locals:         0       0       0
   967 ;;      Temps:          1       0       0
   968 ;;      Totals:         1       0       0
   969 ;;Total ram usage:        1 bytes
   970 ;; Hardware stack levels used:    1
   971 ;; Hardware stack levels required when called:    1
   972 ;; This function calls:
   973 ;;		Nothing
   974 ;; This function is called by:
   975 ;;		_main
   976 ;; This function uses a non-reentrant model
   977 ;;
   978                           
   979                           
   980                           ;psect for function _selectADC_IntOsc
   981  0076                     _selectADC_IntOsc:	
   982                           
   983                           ;main.c: 101: ADCON1 |= (0b111 <<4);
   984                           
   985                           ;incstack = 0
   986                           ; Regs used in _selectADC_IntOsc: [wreg+status,2+status,0]
   987  0076  3070               	movlw	112
   988  0077  00F1               	movwf	??_selectADC_IntOsc
   989  0078  0871               	movf	??_selectADC_IntOsc,w
   990  0079  0021               	movlb	1	; select bank1
   991  007A  049E               	iorwf	30,f	;volatile
   992  007B  0008               	return
   993  007C                     __end_of_selectADC_IntOsc:	
   994                           
   995                           	psect	text2
   996  007C                     __ptext2:	
   997 ;; *************** function _selectADC_5VREF *****************
   998 ;; Defined at:
   999 ;;		line 104 in file "main.c"
  1000 ;; Parameters:    Size  Location     Type
  1001 ;;		None
  1002 ;; Auto vars:     Size  Location     Type
  1003 ;;		None
  1004 ;; Return value:  Size  Location     Type
  1005 ;;                  1    wreg      void 
  1006 ;; Registers used:
  1007 ;;		wreg, status,2, status,0
  1008 ;; Tracked objects:
  1009 ;;		On entry : 0/0
  1010 ;;		On exit  : 0/0
  1011 ;;		Unchanged: 0/0
  1012 ;; Data sizes:     COMMON   BANK0   BANK1
  1013 ;;      Params:         0       0       0
  1014 ;;      Locals:         0       0       0
  1015 ;;      Temps:          1       0       0
  1016 ;;      Totals:         1       0       0
  1017 ;;Total ram usage:        1 bytes
  1018 ;; Hardware stack levels used:    1
  1019 ;; Hardware stack levels required when called:    1
  1020 ;; This function calls:
  1021 ;;		Nothing
  1022 ;; This function is called by:
  1023 ;;		_main
  1024 ;; This function uses a non-reentrant model
  1025 ;;
  1026                           
  1027                           
  1028                           ;psect for function _selectADC_5VREF
  1029  007C                     _selectADC_5VREF:	
  1030                           
  1031                           ;main.c: 105: ADCON1 &= 0b11111000;
  1032                           
  1033                           ;incstack = 0
  1034                           ; Regs used in _selectADC_5VREF: [wreg+status,2+status,0]
  1035  007C  30F8               	movlw	248
  1036  007D  00F1               	movwf	??_selectADC_5VREF
  1037  007E  0871               	movf	??_selectADC_5VREF,w
  1038  007F  0021               	movlb	1	; select bank1
  1039  0080  059E               	andwf	30,f	;volatile
  1040  0081  0008               	return
  1041  0082                     __end_of_selectADC_5VREF:	
  1042                           
  1043                           	psect	text3
  1044  0056                     __ptext3:	
  1045 ;; *************** function _selectADC *****************
  1046 ;; Defined at:
  1047 ;;		line 108 in file "main.c"
  1048 ;; Parameters:    Size  Location     Type
  1049 ;;  channel         1    wreg     unsigned char 
  1050 ;; Auto vars:     Size  Location     Type
  1051 ;;  channel         1    3[COMMON] unsigned char 
  1052 ;; Return value:  Size  Location     Type
  1053 ;;                  1    wreg      void 
  1054 ;; Registers used:
  1055 ;;		wreg, status,2, status,0
  1056 ;; Tracked objects:
  1057 ;;		On entry : 0/0
  1058 ;;		On exit  : 0/0
  1059 ;;		Unchanged: 0/0
  1060 ;; Data sizes:     COMMON   BANK0   BANK1
  1061 ;;      Params:         0       0       0
  1062 ;;      Locals:         1       0       0
  1063 ;;      Temps:          2       0       0
  1064 ;;      Totals:         3       0       0
  1065 ;;Total ram usage:        3 bytes
  1066 ;; Hardware stack levels used:    1
  1067 ;; Hardware stack levels required when called:    1
  1068 ;; This function calls:
  1069 ;;		Nothing
  1070 ;; This function is called by:
  1071 ;;		_main
  1072 ;; This function uses a non-reentrant model
  1073 ;;
  1074                           
  1075                           
  1076                           ;psect for function _selectADC
  1077  0056                     _selectADC:	
  1078                           
  1079                           ;incstack = 0
  1080                           ; Regs used in _selectADC: [wreg+status,2+status,0]
  1081                           ;selectADC@channel stored from wreg
  1082  0056  00F3               	movwf	selectADC@channel
  1083                           
  1084                           ;main.c: 110: channel &= 0b111;
  1085  0057  3007               	movlw	7
  1086  0058  00F1               	movwf	??_selectADC
  1087  0059  0871               	movf	??_selectADC,w
  1088  005A  05F3               	andwf	selectADC@channel,f
  1089                           
  1090                           ;main.c: 113: ADCON0 &= (2<<0b000);
  1091  005B  3002               	movlw	2
  1092  005C  00F1               	movwf	??_selectADC
  1093  005D  0871               	movf	??_selectADC,w
  1094  005E  0021               	movlb	1	; select bank1
  1095  005F  059D               	andwf	29,f	;volatile
  1096                           
  1097                           ;main.c: 115: ADCON0 |= (2<<channel);
  1098  0060  3002               	movlw	2
  1099  0061  00F1               	movwf	??_selectADC
  1100  0062  0A73               	incf	selectADC@channel,w
  1101  0063  2865               	goto	u14
  1102  0064                     u15:	
  1103  0064  35F1               	lslf	??_selectADC,f
  1104  0065                     u14:	
  1105  0065  0B89               	decfsz	9,f
  1106  0066  2864               	goto	u15
  1107  0067  0871               	movf	??_selectADC,w
  1108  0068  00F2               	movwf	??_selectADC+1
  1109  0069  0872               	movf	??_selectADC+1,w
  1110  006A  049D               	iorwf	29,f	;volatile
  1111  006B  0008               	return
  1112  006C                     __end_of_selectADC:	
  1113                           
  1114                           	psect	text4
  1115  003A                     __ptext4:	
  1116 ;; *************** function _getResultADC *****************
  1117 ;; Defined at:
  1118 ;;		line 126 in file "main.c"
  1119 ;; Parameters:    Size  Location     Type
  1120 ;;		None
  1121 ;; Auto vars:     Size  Location     Type
  1122 ;;		None
  1123 ;; Return value:  Size  Location     Type
  1124 ;;                  2    1[COMMON] unsigned int 
  1125 ;; Registers used:
  1126 ;;		wreg, status,2, status,0
  1127 ;; Tracked objects:
  1128 ;;		On entry : 0/0
  1129 ;;		On exit  : 0/0
  1130 ;;		Unchanged: 0/0
  1131 ;; Data sizes:     COMMON   BANK0   BANK1
  1132 ;;      Params:         2       0       0
  1133 ;;      Locals:         0       0       0
  1134 ;;      Temps:          7       0       0
  1135 ;;      Totals:         9       0       0
  1136 ;;Total ram usage:        9 bytes
  1137 ;; Hardware stack levels used:    1
  1138 ;; Hardware stack levels required when called:    1
  1139 ;; This function calls:
  1140 ;;		Nothing
  1141 ;; This function is called by:
  1142 ;;		_main
  1143 ;; This function uses a non-reentrant model
  1144 ;;
  1145                           
  1146                           
  1147                           ;psect for function _getResultADC
  1148  003A                     _getResultADC:	
  1149                           
  1150                           ;main.c: 127: return (ADRESH<<2)|(ADRESL>>6);
  1151                           
  1152                           ;incstack = 0
  1153                           ; Regs used in _getResultADC: [wreg+status,2+status,0]
  1154  003A  0021               	movlb	1	; select bank1
  1155  003B  081B               	movf	27,w	;volatile
  1156  003C  00F3               	movwf	??_getResultADC
  1157  003D  3006               	movlw	6
  1158  003E                     u45:	
  1159  003E  36F3               	lsrf	??_getResultADC,f
  1160  003F  0B89               	decfsz	9,f
  1161  0040  283E               	goto	u45
  1162  0041  0873               	movf	??_getResultADC,w
  1163  0042  00F4               	movwf	??_getResultADC+1
  1164  0043  01F5               	clrf	??_getResultADC+2
  1165  0044  081C               	movf	28,w	;volatile
  1166  0045  00F6               	movwf	??_getResultADC+3
  1167  0046  01F7               	clrf	??_getResultADC+4
  1168  0047  35F6               	lslf	??_getResultADC+3,f
  1169  0048  0DF7               	rlf	??_getResultADC+4,f
  1170  0049  35F6               	lslf	??_getResultADC+3,f
  1171  004A  0DF7               	rlf	??_getResultADC+4,f
  1172  004B  0874               	movf	??_getResultADC+1,w
  1173  004C  0476               	iorwf	??_getResultADC+3,w
  1174  004D  00F8               	movwf	??_getResultADC+5
  1175  004E  0875               	movf	??_getResultADC+2,w
  1176  004F  0477               	iorwf	??_getResultADC+4,w
  1177  0050  00F9               	movwf	??_getResultADC+6
  1178  0051  0878               	movf	??_getResultADC+5,w
  1179  0052  00F1               	movwf	?_getResultADC
  1180  0053  0879               	movf	??_getResultADC+6,w
  1181  0054  00F2               	movwf	?_getResultADC+1
  1182  0055  0008               	return
  1183  0056                     __end_of_getResultADC:	
  1184                           
  1185                           	psect	text5
  1186  0082                     __ptext5:	
  1187 ;; *************** function _convertADC *****************
  1188 ;; Defined at:
  1189 ;;		line 118 in file "main.c"
  1190 ;; Parameters:    Size  Location     Type
  1191 ;;		None
  1192 ;; Auto vars:     Size  Location     Type
  1193 ;;		None
  1194 ;; Return value:  Size  Location     Type
  1195 ;;                  1    wreg      void 
  1196 ;; Registers used:
  1197 ;;		wreg, status,2, status,0
  1198 ;; Tracked objects:
  1199 ;;		On entry : 0/0
  1200 ;;		On exit  : 0/0
  1201 ;;		Unchanged: 0/0
  1202 ;; Data sizes:     COMMON   BANK0   BANK1
  1203 ;;      Params:         0       0       0
  1204 ;;      Locals:         0       0       0
  1205 ;;      Temps:          1       0       0
  1206 ;;      Totals:         1       0       0
  1207 ;;Total ram usage:        1 bytes
  1208 ;; Hardware stack levels used:    1
  1209 ;; Hardware stack levels required when called:    1
  1210 ;; This function calls:
  1211 ;;		Nothing
  1212 ;; This function is called by:
  1213 ;;		_main
  1214 ;; This function uses a non-reentrant model
  1215 ;;
  1216                           
  1217                           
  1218                           ;psect for function _convertADC
  1219  0082                     _convertADC:	
  1220                           
  1221                           ;main.c: 119: ADCON0 |=0b11;
  1222                           
  1223                           ;incstack = 0
  1224                           ; Regs used in _convertADC: [wreg+status,2+status,0]
  1225  0082  3003               	movlw	3
  1226  0083  00F1               	movwf	??_convertADC
  1227  0084  0871               	movf	??_convertADC,w
  1228  0085  0021               	movlb	1	; select bank1
  1229  0086  049D               	iorwf	29,f	;volatile
  1230  0087  0008               	return
  1231  0088                     __end_of_convertADC:	
  1232                           
  1233                           	psect	text6
  1234  006C                     __ptext6:	
  1235 ;; *************** function _InitApp *****************
  1236 ;; Defined at:
  1237 ;;		line 27 in file "user.c"
  1238 ;; Parameters:    Size  Location     Type
  1239 ;;		None
  1240 ;; Auto vars:     Size  Location     Type
  1241 ;;		None
  1242 ;; Return value:  Size  Location     Type
  1243 ;;                  1    wreg      void 
  1244 ;; Registers used:
  1245 ;;		wreg, status,2
  1246 ;; Tracked objects:
  1247 ;;		On entry : 0/0
  1248 ;;		On exit  : 0/0
  1249 ;;		Unchanged: 0/0
  1250 ;; Data sizes:     COMMON   BANK0   BANK1
  1251 ;;      Params:         0       0       0
  1252 ;;      Locals:         0       0       0
  1253 ;;      Temps:          0       0       0
  1254 ;;      Totals:         0       0       0
  1255 ;;Total ram usage:        0 bytes
  1256 ;; Hardware stack levels used:    1
  1257 ;; Hardware stack levels required when called:    1
  1258 ;; This function calls:
  1259 ;;		Nothing
  1260 ;; This function is called by:
  1261 ;;		_main
  1262 ;; This function uses a non-reentrant model
  1263 ;;
  1264                           
  1265                           
  1266                           ;psect for function _InitApp
  1267  006C                     _InitApp:	
  1268                           
  1269                           ;user.c: 30: TRISA = ~(~TRISC | 0b010000);
  1270                           
  1271                           ;incstack = 0
  1272                           ; Regs used in _InitApp: [wreg+status,2]
  1273  006C  0021               	movlb	1	; select bank1
  1274  006D  090E               	comf	14,w	;volatile
  1275  006E  3810               	iorlw	16
  1276  006F  3AFF               	xorlw	255
  1277  0070  008C               	movwf	12	;volatile
  1278                           
  1279                           ;user.c: 31: TRISC = ~(~TRISC | 0b100000);
  1280  0071  090E               	comf	14,w	;volatile
  1281  0072  3820               	iorlw	32
  1282  0073  3AFF               	xorlw	255
  1283  0074  008E               	movwf	14	;volatile
  1284  0075  0008               	return
  1285  0076                     __end_of_InitApp:	
  1286                           
  1287                           	psect	intentry
  1288  0004                     __pintentry:	
  1289 ;; *************** function _isr *****************
  1290 ;; Defined at:
  1291 ;;		line 23 in file "interrupts.c"
  1292 ;; Parameters:    Size  Location     Type
  1293 ;;		None
  1294 ;; Auto vars:     Size  Location     Type
  1295 ;;		None
  1296 ;; Return value:  Size  Location     Type
  1297 ;;                  1    wreg      void 
  1298 ;; Registers used:
  1299 ;;		None
  1300 ;; Tracked objects:
  1301 ;;		On entry : 0/0
  1302 ;;		On exit  : 0/0
  1303 ;;		Unchanged: 0/0
  1304 ;; Data sizes:     COMMON   BANK0   BANK1
  1305 ;;      Params:         0       0       0
  1306 ;;      Locals:         0       0       0
  1307 ;;      Temps:          1       0       0
  1308 ;;      Totals:         1       0       0
  1309 ;;Total ram usage:        1 bytes
  1310 ;; Hardware stack levels used:    1
  1311 ;; This function calls:
  1312 ;;		Nothing
  1313 ;; This function is called by:
  1314 ;;		Interrupt level 1
  1315 ;; This function uses a non-reentrant model
  1316 ;;
  1317                           
  1318  0004                     _isr:	
  1319                           
  1320                           ;incstack = 0
  1321  0004  147E               	bsf	126,0	;set compiler interrupt flag (level 1)
  1322                           
  1323                           ; Regs used in _isr: []
  1324  0005  3180               	pagesel	$
  1325  0006  0020               	movlb	0	; select bank0
  1326  0007  087F               	movf	127,w
  1327  0008  00F0               	movwf	??_isr
  1328  0009  0870               	movf	??_isr,w
  1329  000A  00FF               	movwf	127
  1330  000B  107E               	bcf	126,0	;clear compiler interrupt flag (level 1)
  1331  000C  0009               	retfie
  1332  000D                     __end_of_isr:	
  1333  007E                     btemp	set	126	;btemp
  1334  007E                     int$flags	set	126
  1335  007E                     wtemp	set	126
  1336  007E                     wtemp0	set	126
  1337  0080                     wtemp1	set	128
  1338  0082                     wtemp2	set	130
  1339  0084                     wtemp3	set	132
  1340  0086                     wtemp4	set	134
  1341  0088                     wtemp5	set	136
  1342  007F                     wtemp6	set	127
  1343  007E                     ttemp	set	126
  1344  007E                     ttemp0	set	126
  1345  0081                     ttemp1	set	129
  1346  0084                     ttemp2	set	132
  1347  0087                     ttemp3	set	135
  1348  007F                     ttemp4	set	127
  1349  007E                     ltemp	set	126
  1350  007E                     ltemp0	set	126
  1351  0082                     ltemp1	set	130
  1352  0086                     ltemp2	set	134
  1353  0080                     ltemp3	set	128


Data Sizes:
    Strings     0
    Constant    0
    Data        0
    BSS         0
    Persistent  0
    Stack       0

Auto Spaces:
    Space          Size  Autos    Used
    COMMON           14     12      12
    BANK0            80      0       0
    BANK1            32      0       0

Pointer List with Targets:

    None.

Critical Paths under _main in COMMON

    _main->_getResultADC

Critical Paths under _isr in COMMON

    None.

Critical Paths under _main in BANK0

    None.

Critical Paths under _isr in BANK0

    None.

Critical Paths under _main in BANK1

    None.

Critical Paths under _isr in BANK1

    None.

Call Graph Tables:

 ---------------------------------------------------------------------------------
 (Depth) Function   	        Calls       Base Space   Used Autos Params    Refs
 ---------------------------------------------------------------------------------
 (0) _main                                                 2     2      0      15
                                             10 COMMON     2     2      0
                            _InitApp
                         _convertADC
                       _getResultADC
                          _selectADC
                    _selectADC_5VREF
                   _selectADC_IntOsc
 ---------------------------------------------------------------------------------
 (1) _selectADC_IntOsc                                     1     1      0       0
                                              1 COMMON     1     1      0
 ---------------------------------------------------------------------------------
 (1) _selectADC_5VREF                                      1     1      0       0
                                              1 COMMON     1     1      0
 ---------------------------------------------------------------------------------
 (1) _selectADC                                            3     3      0      15
                                              1 COMMON     3     3      0
 ---------------------------------------------------------------------------------
 (1) _getResultADC                                         9     7      2       0
                                              1 COMMON     9     7      2
 ---------------------------------------------------------------------------------
 (1) _convertADC                                           1     1      0       0
                                              1 COMMON     1     1      0
 ---------------------------------------------------------------------------------
 (1) _InitApp                                              0     0      0       0
 ---------------------------------------------------------------------------------
 Estimated maximum stack depth 1
 ---------------------------------------------------------------------------------
 (Depth) Function   	        Calls       Base Space   Used Autos Params    Refs
 ---------------------------------------------------------------------------------
 (2) _isr                                                  1     1      0       0
                                              0 COMMON     1     1      0
 ---------------------------------------------------------------------------------
 Estimated maximum stack depth 2
 ---------------------------------------------------------------------------------

 Call Graph Graphs:

 _main (ROOT)
   _InitApp
   _convertADC
   _getResultADC
   _selectADC
   _selectADC_5VREF
   _selectADC_IntOsc

 _isr (ROOT)

 Address spaces:
Name               Size   Autos  Total    Cost      Usage
BIGRAM              70      0       0       0        0.0%
NULL                 0      0       0       0        0.0%
CODE                 0      0       0       0        0.0%
BITCOMMON            E      0       0       1        0.0%
BITSFR0              0      0       0       1        0.0%
SFR0                 0      0       0       1        0.0%
COMMON               E      C       C       2       85.7%
BITSFR1              0      0       0       2        0.0%
SFR1                 0      0       0       2        0.0%
BITSFR2              0      0       0       3        0.0%
SFR2                 0      0       0       3        0.0%
STACK                0      0       0       3        0.0%
BITSFR3              0      0       0       4        0.0%
SFR3                 0      0       0       4        0.0%
ABS                  0      0       0       4        0.0%
BITBANK0            50      0       0       5        0.0%
BITSFR4              0      0       0       5        0.0%
SFR4                 0      0       0       5        0.0%
BANK0               50      0       0       6        0.0%
BITSFR5              0      0       0       6        0.0%
SFR5                 0      0       0       6        0.0%
BITBANK1            20      0       0       7        0.0%
BITSFR6              0      0       0       7        0.0%
SFR6                 0      0       0       7        0.0%
BANK1               20      0       0       8        0.0%
BITSFR7              0      0       0       8        0.0%
SFR7                 0      0       0       8        0.0%
BITSFR8              0      0       0       9        0.0%
SFR8                 0      0       0       9        0.0%
DATA                 0      0       0       9        0.0%
BITSFR9              0      0       0      10        0.0%
SFR9                 0      0       0      10        0.0%
BITSFR10             0      0       0      11        0.0%
SFR10                0      0       0      11        0.0%
BITSFR11             0      0       0      12        0.0%
SFR11                0      0       0      12        0.0%
BITSFR12             0      0       0      13        0.0%
SFR12                0      0       0      13        0.0%
BITSFR13             0      0       0      14        0.0%
SFR13                0      0       0      14        0.0%
BITSFR14             0      0       0      15        0.0%
SFR14                0      0       0      15        0.0%
BITSFR15             0      0       0      16        0.0%
SFR15                0      0       0      16        0.0%
BITSFR16             0      0       0      17        0.0%
SFR16                0      0       0      17        0.0%
BITSFR17             0      0       0      18        0.0%
SFR17                0      0       0      18        0.0%
BITSFR18             0      0       0      19        0.0%
SFR18                0      0       0      19        0.0%
BITSFR19             0      0       0      20        0.0%
SFR19                0      0       0      20        0.0%
BITSFR20             0      0       0      21        0.0%
SFR20                0      0       0      21        0.0%
BITSFR21             0      0       0      22        0.0%
SFR21                0      0       0      22        0.0%
BITSFR22             0      0       0      23        0.0%
SFR22                0      0       0      23        0.0%
BITSFR23             0      0       0      24        0.0%
SFR23                0      0       0      24        0.0%
BITSFR24             0      0       0      25        0.0%
SFR24                0      0       0      25        0.0%
BITSFR25             0      0       0      26        0.0%
SFR25                0      0       0      26        0.0%
BITSFR26             0      0       0      27        0.0%
SFR26                0      0       0      27        0.0%
BITSFR27             0      0       0      28        0.0%
SFR27                0      0       0      28        0.0%
BITSFR28             0      0       0      29        0.0%
SFR28                0      0       0      29        0.0%
BITSFR29             0      0       0      30        0.0%
SFR29                0      0       0      30        0.0%
BITSFR30             0      0       0      31        0.0%
SFR30                0      0       0      31        0.0%
BITSFR31             0      0       0      32        0.0%
SFR31                0      0       0      32        0.0%


Microchip Technology PIC Macro Assembler V1.38 build -256452561 
Symbol Table                                                                                   Sat Sep 24 11:09:08 2016

           ??_getResultADC 0073          ??_selectADC_5VREF 0071                __CFG_CP$OFF 0000  
                       l50 0037                         l46 0012                         u14 0065  
                       u15 0064                         u45 003E                         u67 001C  
                       u77 0027                __CFG_LVP$ON 0000                        l517 002C  
                      _RC5 0075                        _isr 0004          ?_selectADC_IntOsc 0070  
             __CFG_BORV$LO 0000                        wreg 0009         ??_selectADC_IntOsc 0071  
                     ?_isr 0070               __CFG_WDTE$ON 0000                       _PIE2 0092  
             __CFG_WRT$OFF 0000                       _main 0011                       btemp 007E  
            __CFG_BOREN$ON 0000                       ltemp 007E                       start 000D  
                     ttemp 007E                       wtemp 007E              __CFG_MCLRE$ON 0000  
          __end_of_InitApp 0076                      ??_isr 0070                      ?_main 0070  
                    _TRISA 008C                      _TRISC 008E                      ltemp0 007E  
                    ltemp1 0082                      ltemp2 0086                      ltemp3 0080  
                    ttemp0 007E                      ttemp1 0081                      ttemp2 0084  
                    ttemp3 0087                      ttemp4 007F                      wtemp0 007E  
                    wtemp1 0080                      wtemp2 0082                      wtemp3 0084  
                    wtemp4 0086                      wtemp5 0088                      wtemp6 007F  
          __initialization 000E               __end_of_main 003A             __CFG_LPBOR$OFF 0000  
                   ??_main 007A           selectADC@channel 0073                     _ADCON0 009D  
                   _ADCON1 009E       __end_of_getResultADC 0056                     _ADRESH 009C  
                   _ADRESL 009B                     _APFCON 011D                     _INTCON 000B  
                ??_InitApp 0071             __CFG_PWRTE$OFF 0000             __CFG_STVREN$ON 0000  
          _selectADC_5VREF 007C    __end_of__initialization 000E             __pcstackCOMMON 0070  
__size_of_selectADC_IntOsc 0006                 __pmaintext 0011         __size_of_selectADC 0016  
               __pintentry 0004                    _NCO1CLK 049F                    _NCO1CON 049E  
    __size_of_getResultADC 001C    __end_of_selectADC_5VREF 0082                 _convertADC 0082  
                  _InitApp 006C               _getResultADC 003A                    __ptext1 0076  
                  __ptext2 007C                    __ptext3 0056                    __ptext4 003A  
                  __ptext5 0082                    __ptext6 006C               __size_of_isr 0009  
        __end_of_selectADC 006C       end_of_initialization 000E           __CFG_FOSC$INTOSC 0000  
         ?_selectADC_5VREF 0070                ?_convertADC 0070           _selectADC_IntOsc 0076  
      start_initialization 000E                __end_of_isr 000D        __size_of_convertADC 0006  
                ___latbits 0000                   ?_InitApp 0070                   _NCO1INCH 049C  
                 _NCO1INCL 049B                  _selectADC 0056   __end_of_selectADC_IntOsc 007C  
             ??_convertADC 0071                 ?_selectADC 0070           __size_of_InitApp 000A  
       __end_of_convertADC 0088              __size_of_main 0029   __size_of_selectADC_5VREF 0006  
                 int$flags 007E                   intlevel1 0000                ??_selectADC 0071  
        __CFG_CLKOUTEN$OFF 0000              ?_getResultADC 0071  
